#
# There is insufficient memory for the Java Runtime Environment to continue.
# Native memory allocation (malloc) failed to allocate 1744816 bytes for Chunk::new
# Possible reasons:
#   The system is out of physical RAM or swap space
#   In 32 bit mode, the process size limit was hit
# Possible solutions:
#   Reduce memory load on the system
#   Increase physical memory or swap space
#   Check if swap backing store is full
#   Use 64 bit Java on a 64 bit OS
#   Decrease Java heap size (-Xmx/-Xms)
#   Decrease number of Java threads
#   Decrease Java thread stack sizes (-Xss)
#   Set larger code cache with -XX:ReservedCodeCacheSize=
# This output file may be truncated or incomplete.
#
#  Out of Memory Error (allocation.cpp:390), pid=3412, tid=3224
#
# JRE version: Java(TM) SE Runtime Environment (8.0_25-b18) (build 1.8.0_25-b18)
# Java VM: Java HotSpot(TM) 64-Bit Server VM (25.25-b02 mixed mode windows-amd64 compressed oops)
# Failed to write core dump. Minidumps are not enabled by default on client versions of Windows
#

---------------  T H R E A D  ---------------

Current thread (0x0000000016f01000):  JavaThread "C2 CompilerThread2" daemon [_thread_in_native, id=3224, stack(0x00000000176d0000,0x00000000177d0000)]

Stack: [0x00000000176d0000,0x00000000177d0000]
Native frames: (J=compiled Java code, j=interpreted, Vv=VM code, C=native code)
V  [jvm.dll+0x31667a]


Current CompileTask:
C2:  15023 4645       4       groovy.lang.MetaClassImpl::checkIfStdMethod (179 bytes)


---------------  P R O C E S S  ---------------

Java Threads: ( => current thread )
  0x000000001bb9d800 JavaThread "Forward streams with process: command 'C:\Program Files\Java\jdk1.8.0_25\bin\java.exe' Thread 3" [_thread_blocked, id=1556, stack(0x0000000022a50000,0x0000000022b50000)]
  0x000000001bb9f800 JavaThread "Forward streams with process: command 'C:\Program Files\Java\jdk1.8.0_25\bin\java.exe' Thread 2" [_thread_blocked, id=9700, stack(0x0000000022950000,0x0000000022a50000)]
  0x000000001bb9c000 JavaThread "Forward streams with process: command 'C:\Program Files\Java\jdk1.8.0_25\bin\java.exe'" [_thread_blocked, id=9432, stack(0x0000000022850000,0x0000000022950000)]
  0x000000001bb9a800 JavaThread "Forward streams with process: command 'C:\Program Files\Java\jdk1.8.0_25\bin\java.exe' Thread 3" [_thread_in_native, id=9484, stack(0x0000000022650000,0x0000000022750000)]
  0x000000001bb99800 JavaThread "Forward streams with process: command 'C:\Program Files\Java\jdk1.8.0_25\bin\java.exe' Thread 2" [_thread_in_native, id=10400, stack(0x0000000022550000,0x0000000022650000)]
  0x000000001bb9c800 JavaThread "Forward streams with process: command 'C:\Program Files\Java\jdk1.8.0_25\bin\java.exe'" [_thread_blocked, id=3804, stack(0x0000000022450000,0x0000000022550000)]
  0x000000001bb96800 JavaThread "Forward streams with process: command 'C:\Program Files\Java\jdk1.8.0_25\bin\java.exe' Thread 3" [_thread_in_native, id=9008, stack(0x0000000021950000,0x0000000021a50000)]
  0x000000001bb99000 JavaThread "Forward streams with process: command 'C:\Program Files\Java\jdk1.8.0_25\bin\java.exe' Thread 2" [_thread_in_native, id=6528, stack(0x0000000021250000,0x0000000021350000)]
  0x000000001bb95000 JavaThread "Forward streams with process: command 'C:\Program Files\Java\jdk1.8.0_25\bin\java.exe'" [_thread_blocked, id=4436, stack(0x0000000020b20000,0x0000000020c20000)]
  0x000000001bb96000 JavaThread "Forward streams with process: command 'C:\Program Files\Java\jdk1.8.0_25\bin\java.exe' Thread 3" [_thread_in_native, id=4424, stack(0x0000000022350000,0x0000000022450000)]
  0x000000001bb94800 JavaThread "Forward streams with process: command 'C:\Program Files\Java\jdk1.8.0_25\bin\java.exe' Thread 2" [_thread_in_native, id=10532, stack(0x0000000022250000,0x0000000022350000)]
  0x000000001bb97800 JavaThread "Forward streams with process: command 'C:\Program Files\Java\jdk1.8.0_25\bin\java.exe'" [_thread_blocked, id=7696, stack(0x0000000022150000,0x0000000022250000)]
  0x000000001bb93000 JavaThread "Forward streams with process: command 'C:\Program Files\Java\jdk1.8.0_25\bin\java.exe' Thread 3" [_thread_in_native, id=2448, stack(0x0000000021f50000,0x0000000022050000)]
  0x000000001bb93800 JavaThread "Forward streams with process: command 'C:\Program Files\Java\jdk1.8.0_25\bin\java.exe' Thread 2" [_thread_in_native, id=11244, stack(0x0000000021e50000,0x0000000021f50000)]
  0x000000001bb92000 JavaThread "Forward streams with process: command 'C:\Program Files\Java\jdk1.8.0_25\bin\java.exe'" [_thread_blocked, id=12132, stack(0x0000000021d50000,0x0000000021e50000)]
  0x000000001d297000 JavaThread "Forward streams with process: command 'C:\Program Files\Java\jdk1.8.0_25\bin\java.exe' Thread 3" [_thread_in_native, id=10252, stack(0x0000000021c50000,0x0000000021d50000)]
  0x000000001d295800 JavaThread "Forward streams with process: command 'C:\Program Files\Java\jdk1.8.0_25\bin\java.exe' Thread 2" [_thread_in_native, id=1248, stack(0x0000000021b50000,0x0000000021c50000)]
  0x000000001d292000 JavaThread "Forward streams with process: command 'C:\Program Files\Java\jdk1.8.0_25\bin\java.exe'" [_thread_blocked, id=10484, stack(0x0000000021a50000,0x0000000021b50000)]
  0x000000001d293800 JavaThread "Forward streams with process: command 'C:\Program Files\Java\jdk1.8.0_25\bin\java.exe' Thread 3" [_thread_in_native, id=12100, stack(0x0000000021850000,0x0000000021950000)]
  0x000000001d292800 JavaThread "Forward streams with process: command 'C:\Program Files\Java\jdk1.8.0_25\bin\java.exe' Thread 3" [_thread_in_native, id=2848, stack(0x0000000021750000,0x0000000021850000)]
  0x000000001d295000 JavaThread "Forward streams with process: command 'C:\Program Files\Java\jdk1.8.0_25\bin\java.exe' Thread 2" [_thread_in_native, id=9548, stack(0x0000000021650000,0x0000000021750000)]
  0x000000001d28e000 JavaThread "Forward streams with process: command 'C:\Program Files\Java\jdk1.8.0_25\bin\java.exe' Thread 2" [_thread_in_native, id=10728, stack(0x0000000021550000,0x0000000021650000)]
  0x000000001d291000 JavaThread "Forward streams with process: command 'C:\Program Files\Java\jdk1.8.0_25\bin\java.exe'" [_thread_blocked, id=9248, stack(0x0000000021450000,0x0000000021550000)]
  0x000000001d28d800 JavaThread "Forward streams with process: command 'C:\Program Files\Java\jdk1.8.0_25\bin\java.exe'" [_thread_blocked, id=11060, stack(0x0000000021350000,0x0000000021450000)]
  0x000000001d28f800 JavaThread "Run command 'C:\Program Files\Java\jdk1.8.0_25\bin\java.exe'" [_thread_in_native, id=11972, stack(0x0000000021030000,0x0000000021130000)]
  0x000000001d289800 JavaThread "Run command 'C:\Program Files\Java\jdk1.8.0_25\bin\java.exe'" [_thread_in_native, id=4292, stack(0x0000000020f30000,0x0000000021030000)]
  0x000000001d28c800 JavaThread "Run command 'C:\Program Files\Java\jdk1.8.0_25\bin\java.exe'" [_thread_in_native, id=8104, stack(0x0000000020e30000,0x0000000020f30000)]
  0x000000001d288800 JavaThread "Run command 'C:\Program Files\Java\jdk1.8.0_25\bin\java.exe'" [_thread_in_native, id=10080, stack(0x0000000020d30000,0x0000000020e30000)]
  0x000000001d28b800 JavaThread "Run command 'C:\Program Files\Java\jdk1.8.0_25\bin\java.exe'" [_thread_blocked, id=10704, stack(0x0000000020c30000,0x0000000020d30000)]
  0x000000001d28b000 JavaThread "Run command 'C:\Program Files\Java\jdk1.8.0_25\bin\java.exe'" [_thread_in_native, id=4608, stack(0x0000000020530000,0x0000000020630000)]
  0x000000001d28a000 JavaThread "Run command 'C:\Program Files\Java\jdk1.8.0_25\bin\java.exe'" [_thread_in_native, id=11808, stack(0x000000001fb10000,0x000000001fc10000)]
  0x000000001d288000 JavaThread "Run command 'C:\Program Files\Java\jdk1.8.0_25\bin\java.exe'" [_thread_in_native, id=3232, stack(0x000000001c830000,0x000000001c930000)]
  0x000000001af29800 JavaThread "pool-1-thread-8" [_thread_blocked, id=8080, stack(0x0000000020a20000,0x0000000020b20000)]
  0x000000001af28800 JavaThread "pool-1-thread-7" [_thread_blocked, id=10340, stack(0x0000000020920000,0x0000000020a20000)]
  0x000000001af28000 JavaThread "pool-1-thread-6" [_thread_blocked, id=11648, stack(0x0000000020820000,0x0000000020920000)]
  0x000000001af27000 JavaThread "pool-1-thread-5" [_thread_blocked, id=5976, stack(0x0000000020720000,0x0000000020820000)]
  0x000000001af23800 JavaThread "pool-1-thread-4" [_thread_blocked, id=8880, stack(0x0000000020190000,0x0000000020290000)]
  0x000000001af26800 JavaThread "pool-1-thread-3" [_thread_blocked, id=11020, stack(0x0000000020430000,0x0000000020530000)]
  0x000000001af22800 JavaThread "pool-1-thread-2" [_thread_blocked, id=5984, stack(0x0000000020330000,0x0000000020430000)]
  0x000000001af24000 JavaThread "pool-1-thread-1" [_thread_blocked, id=3340, stack(0x000000001b550000,0x000000001b650000)]
  0x000000001af25000 JavaThread "File lock request listener" [_thread_in_native, id=4448, stack(0x000000001b450000,0x000000001b550000)]
  0x000000001879f000 JavaThread "Stdin handler" [_thread_blocked, id=4032, stack(0x0000000019d80000,0x0000000019e80000)]
  0x00000000189b3000 JavaThread "Daemon worker" [_thread_blocked, id=3476, stack(0x0000000019c80000,0x0000000019d80000)]
  0x00000000189b0800 JavaThread "Cancel handler" [_thread_blocked, id=4472, stack(0x0000000019b80000,0x0000000019c80000)]
  0x000000001881f000 JavaThread "Handler for socket connection from /127.0.0.1:2598 to /127.0.0.1:2602" [_thread_in_native, id=8424, stack(0x0000000019a80000,0x0000000019b80000)]
  0x000000001881e000 JavaThread "Daemon" [_thread_blocked, id=1932, stack(0x0000000019980000,0x0000000019a80000)]
  0x0000000018af3000 JavaThread "Incoming local TCP Connector on port 2598" [_thread_in_native, id=7128, stack(0x0000000019590000,0x0000000019690000)]
  0x0000000016f90800 JavaThread "Service Thread" daemon [_thread_blocked, id=5536, stack(0x00000000178d0000,0x00000000179d0000)]
  0x0000000016f05000 JavaThread "C1 CompilerThread3" daemon [_thread_blocked, id=4824, stack(0x00000000177d0000,0x00000000178d0000)]
=>0x0000000016f01000 JavaThread "C2 CompilerThread2" daemon [_thread_in_native, id=3224, stack(0x00000000176d0000,0x00000000177d0000)]
  0x0000000016efa800 JavaThread "C2 CompilerThread1" daemon [_thread_blocked, id=1320, stack(0x00000000175d0000,0x00000000176d0000)]
  0x0000000016ef7800 JavaThread "C2 CompilerThread0" daemon [_thread_blocked, id=10176, stack(0x00000000174d0000,0x00000000175d0000)]
  0x0000000016ef6800 JavaThread "Attach Listener" daemon [_thread_blocked, id=12120, stack(0x00000000173d0000,0x00000000174d0000)]
  0x0000000016ef6000 JavaThread "Signal Dispatcher" daemon [_thread_blocked, id=9744, stack(0x00000000172d0000,0x00000000173d0000)]
  0x0000000014eec000 JavaThread "Finalizer" daemon [_thread_blocked, id=7376, stack(0x0000000016dc0000,0x0000000016ec0000)]
  0x00000000023c5800 JavaThread "Reference Handler" daemon [_thread_blocked, id=3116, stack(0x0000000016cc0000,0x0000000016dc0000)]
  0x0000000000a9e000 JavaThread "main" [_thread_blocked, id=12248, stack(0x00000000021d0000,0x00000000022d0000)]

Other Threads:
  0x0000000014ee8800 VMThread [stack: 0x0000000016bc0000,0x0000000016cc0000] [id=10668]
  0x0000000016f91800 WatcherThread [stack: 0x00000000179d0000,0x0000000017ad0000] [id=3964]

VM state:not at safepoint (normal execution)

VM Mutex/Monitor currently owned by a thread: None

Heap:
 PSYoungGen      total 198656K, used 69117K [0x00000000eab00000, 0x00000000fb580000, 0x0000000100000000)
  eden space 181248K, 28% used [0x00000000eab00000,0x00000000edd7fa60,0x00000000f5c00000)
  from space 17408K, 99% used [0x00000000f5c00000,0x00000000f6cffaf8,0x00000000f6d00000)
  to   space 20480K, 0% used [0x00000000fa180000,0x00000000fa180000,0x00000000fb580000)
 ParOldGen       total 94720K, used 24689K [0x00000000c0000000, 0x00000000c5c80000, 0x00000000eab00000)
  object space 94720K, 26% used [0x00000000c0000000,0x00000000c181c4c0,0x00000000c5c80000)
 Metaspace       used 40251K, capacity 41708K, committed 41984K, reserved 1085440K
  class space    used 5665K, capacity 6305K, committed 6400K, reserved 1048576K

Card table byte_map: [0x0000000011790000,0x00000000119a0000] byte_map_base: 0x0000000011190000

Marking Bits: (ParMarkBitMap*) 0x000000006239d490
 Begin Bits: [0x0000000012300000, 0x0000000013300000)
 End Bits:   [0x0000000013300000, 0x0000000014300000)

Polling page: 0x0000000000a40000

CodeCache: size=245760Kb used=15724Kb max_used=15961Kb free=230035Kb
 bounds [0x00000000023d0000, 0x00000000033c0000, 0x00000000113d0000]
 total_blobs=4861 nmethods=4190 adapters=583
 compilation: enabled

Compilation events (10 events):
Event: 14.911 Thread 0x0000000016efa800 nmethod 4611 0x0000000002886650 code [0x00000000028867a0, 0x00000000028868a8]
Event: 14.911 Thread 0x0000000016efa800 4573       4       sun.reflect.generics.factory.CoreReflectionFactory::getDeclsLoader (85 bytes)
Event: 14.913 Thread 0x0000000016efa800 nmethod 4573 0x0000000002886110 code [0x0000000002886280, 0x0000000002886428]
Event: 14.914 Thread 0x0000000016efa800 4715       4       java.util.concurrent.locks.AbstractOwnableSynchronizer::<init> (5 bytes)
Event: 14.914 Thread 0x0000000016efa800 nmethod 4715 0x0000000003020ad0 code [0x0000000003020c00, 0x0000000003020c58]
Event: 14.914 Thread 0x0000000016efa800 4716       4       java.util.concurrent.locks.AbstractQueuedSynchronizer::<init> (5 bytes)
Event: 14.914 Thread 0x0000000016efa800 nmethod 4716 0x00000000030b8490 code [0x00000000030b85c0, 0x00000000030b8618]
Event: 14.935 Thread 0x0000000016f05000 4717       3       java.util.concurrent.SynchronousQueue$TransferStack::shouldSpin (30 bytes)
Event: 14.935 Thread 0x0000000016f05000 nmethod 4717 0x0000000002d08ad0 code [0x0000000002d08c40, 0x0000000002d08f30]
Event: 14.958 Thread 0x0000000016ef7800 nmethod 4572 0x00000000033962d0 code [0x0000000003397720, 0x000000000339feb8]

GC Heap History (10 events):
Event: 6.172 GC heap before
{Heap before GC invocations=7 (full 1):
 PSYoungGen      total 71680K, used 66560K [0x00000000eab00000, 0x00000000f4200000, 0x0000000100000000)
  eden space 66560K, 100% used [0x00000000eab00000,0x00000000eec00000,0x00000000eec00000)
  from space 5120K, 0% used [0x00000000eec00000,0x00000000eec00000,0x00000000ef100000)
  to   space 10752K, 0% used [0x00000000f3780000,0x00000000f3780000,0x00000000f4200000)
 ParOldGen       total 56320K, used 8688K [0x00000000c0000000, 0x00000000c3700000, 0x00000000eab00000)
  object space 56320K, 15% used [0x00000000c0000000,0x00000000c087c330,0x00000000c3700000)
 Metaspace       used 25659K, capacity 26234K, committed 26496K, reserved 1073152K
  class space    used 3468K, capacity 3658K, committed 3712K, reserved 1048576K
Event: 6.178 GC heap after
Heap after GC invocations=7 (full 1):
 PSYoungGen      total 119296K, used 6849K [0x00000000eab00000, 0x00000000f3e80000, 0x0000000100000000)
  eden space 112128K, 0% used [0x00000000eab00000,0x00000000eab00000,0x00000000f1880000)
  from space 7168K, 95% used [0x00000000f3780000,0x00000000f3e307f8,0x00000000f3e80000)
  to   space 10240K, 0% used [0x00000000f2a80000,0x00000000f2a80000,0x00000000f3480000)
 ParOldGen       total 56320K, used 8696K [0x00000000c0000000, 0x00000000c3700000, 0x00000000eab00000)
  object space 56320K, 15% used [0x00000000c0000000,0x00000000c087e330,0x00000000c3700000)
 Metaspace       used 25659K, capacity 26234K, committed 26496K, reserved 1073152K
  class space    used 3468K, capacity 3658K, committed 3712K, reserved 1048576K
}
Event: 8.353 GC heap before
{Heap before GC invocations=8 (full 1):
 PSYoungGen      total 119296K, used 118977K [0x00000000eab00000, 0x00000000f3e80000, 0x0000000100000000)
  eden space 112128K, 100% used [0x00000000eab00000,0x00000000f1880000,0x00000000f1880000)
  from space 7168K, 95% used [0x00000000f3780000,0x00000000f3e307f8,0x00000000f3e80000)
  to   space 10240K, 0% used [0x00000000f2a80000,0x00000000f2a80000,0x00000000f3480000)
 ParOldGen       total 56320K, used 8696K [0x00000000c0000000, 0x00000000c3700000, 0x00000000eab00000)
  object space 56320K, 15% used [0x00000000c0000000,0x00000000c087e330,0x00000000c3700000)
 Metaspace       used 33179K, capacity 34046K, committed 34176K, reserved 1079296K
  class space    used 4568K, capacity 4910K, committed 4992K, reserved 1048576K
Event: 8.368 GC heap after
Heap after GC invocations=8 (full 1):
 PSYoungGen      total 140800K, used 10228K [0x00000000eab00000, 0x00000000f7b80000, 0x0000000100000000)
  eden space 130560K, 0% used [0x00000000eab00000,0x00000000eab00000,0x00000000f2a80000)
  from space 10240K, 99% used [0x00000000f2a80000,0x00000000f347d030,0x00000000f3480000)
  to   space 14848K, 0% used [0x00000000f6d00000,0x00000000f6d00000,0x00000000f7b80000)
 ParOldGen       total 56320K, used 15586K [0x00000000c0000000, 0x00000000c3700000, 0x00000000eab00000)
  object space 56320K, 27% used [0x00000000c0000000,0x00000000c0f38b18,0x00000000c3700000)
 Metaspace       used 33179K, capacity 34046K, committed 34176K, reserved 1079296K
  class space    used 4568K, capacity 4910K, committed 4992K, reserved 1048576K
}
Event: 11.579 GC heap before
{Heap before GC invocations=9 (full 1):
 PSYoungGen      total 140800K, used 53105K [0x00000000eab00000, 0x00000000f7b80000, 0x0000000100000000)
  eden space 130560K, 32% used [0x00000000eab00000,0x00000000ed4df3e8,0x00000000f2a80000)
  from space 10240K, 99% used [0x00000000f2a80000,0x00000000f347d030,0x00000000f3480000)
  to   space 14848K, 0% used [0x00000000f6d00000,0x00000000f6d00000,0x00000000f7b80000)
 ParOldGen       total 56320K, used 15586K [0x00000000c0000000, 0x00000000c3700000, 0x00000000eab00000)
  object space 56320K, 27% used [0x00000000c0000000,0x00000000c0f38b18,0x00000000c3700000)
 Metaspace       used 34418K, capacity 35286K, committed 35456K, reserved 1079296K
  class space    used 4755K, capacity 5130K, committed 5248K, reserved 1048576K
Event: 11.591 GC heap after
Heap after GC invocations=9 (full 1):
 PSYoungGen      total 196096K, used 14822K [0x00000000eab00000, 0x00000000f9780000, 0x0000000100000000)
  eden space 181248K, 0% used [0x00000000eab00000,0x00000000eab00000,0x00000000f5c00000)
  from space 14848K, 99% used [0x00000000f6d00000,0x00000000f7b79988,0x00000000f7b80000)
  to   space 17408K, 0% used [0x00000000f5c00000,0x00000000f5c00000,0x00000000f6d00000)
 ParOldGen       total 56320K, used 16513K [0x00000000c0000000, 0x00000000c3700000, 0x00000000eab00000)
  object space 56320K, 29% used [0x00000000c0000000,0x00000000c1020418,0x00000000c3700000)
 Metaspace       used 34418K, capacity 35286K, committed 35456K, reserved 1079296K
  class space    used 4755K, capacity 5130K, committed 5248K, reserved 1048576K
}
Event: 11.592 GC heap before
{Heap before GC invocations=10 (full 2):
 PSYoungGen      total 196096K, used 14822K [0x00000000eab00000, 0x00000000f9780000, 0x0000000100000000)
  eden space 181248K, 0% used [0x00000000eab00000,0x00000000eab00000,0x00000000f5c00000)
  from space 14848K, 99% used [0x00000000f6d00000,0x00000000f7b79988,0x00000000f7b80000)
  to   space 17408K, 0% used [0x00000000f5c00000,0x00000000f5c00000,0x00000000f6d00000)
 ParOldGen       total 56320K, used 16513K [0x00000000c0000000, 0x00000000c3700000, 0x00000000eab00000)
  object space 56320K, 29% used [0x00000000c0000000,0x00000000c1020418,0x00000000c3700000)
 Metaspace       used 34418K, capacity 35286K, committed 35456K, reserved 1079296K
  class space    used 4755K, capacity 5130K, committed 5248K, reserved 1048576K
Event: 11.733 GC heap after
Heap after GC invocations=10 (full 2):
 PSYoungGen      total 196096K, used 0K [0x00000000eab00000, 0x00000000f9780000, 0x0000000100000000)
  eden space 181248K, 0% used [0x00000000eab00000,0x00000000eab00000,0x00000000f5c00000)
  from space 14848K, 0% used [0x00000000f6d00000,0x00000000f6d00000,0x00000000f7b80000)
  to   space 17408K, 0% used [0x00000000f5c00000,0x00000000f5c00000,0x00000000f6d00000)
 ParOldGen       total 94720K, used 23662K [0x00000000c0000000, 0x00000000c5c80000, 0x00000000eab00000)
  object space 94720K, 24% used [0x00000000c0000000,0x00000000c171ba38,0x00000000c5c80000)
 Metaspace       used 34418K, capacity 35286K, committed 35456K, reserved 1079296K
  class space    used 4755K, capacity 5130K, committed 5248K, reserved 1048576K
}
Event: 14.748 GC heap before
{Heap before GC invocations=11 (full 2):
 PSYoungGen      total 196096K, used 181248K [0x00000000eab00000, 0x00000000f9780000, 0x0000000100000000)
  eden space 181248K, 100% used [0x00000000eab00000,0x00000000f5c00000,0x00000000f5c00000)
  from space 14848K, 0% used [0x00000000f6d00000,0x00000000f6d00000,0x00000000f7b80000)
  to   space 17408K, 0% used [0x00000000f5c00000,0x00000000f5c00000,0x00000000f6d00000)
 ParOldGen       total 94720K, used 23662K [0x00000000c0000000, 0x00000000c5c80000, 0x00000000eab00000)
  object space 94720K, 24% used [0x00000000c0000000,0x00000000c171ba38,0x00000000c5c80000)
 Metaspace       used 39797K, capacity 40954K, committed 41088K, reserved 1085440K
  class space    used 5550K, capacity 6008K, committed 6016K, reserved 1048576K
Event: 14.767 GC heap after
Heap after GC invocations=11 (full 2):
 PSYoungGen      total 198656K, used 17406K [0x00000000eab00000, 0x00000000fb580000, 0x0000000100000000)
  eden space 181248K, 0% used [0x00000000eab00000,0x00000000eab00000,0x00000000f5c00000)
  from space 17408K, 99% used [0x00000000f5c00000,0x00000000f6cffaf8,0x00000000f6d00000)
  to   space 20480K, 0% used [0x00000000fa180000,0x00000000fa180000,0x00000000fb580000)
 ParOldGen       total 94720K, used 24689K [0x00000000c0000000, 0x00000000c5c80000, 0x00000000eab00000)
  object space 94720K, 26% used [0x00000000c0000000,0x00000000c181c4c0,0x00000000c5c80000)
 Metaspace       used 39797K, capacity 40954K, committed 41088K, reserved 1085440K
  class space    used 5550K, capacity 6008K, committed 6016K, reserved 1048576K
}

Deoptimization events (10 events):
Event: 14.782 Thread 0x000000001af28000 Uncommon trap: reason=unreached action=reinterpret pc=0x0000000002bcbbcc method=org.codehaus.groovy.util.LazyReference.getLocked(Z)Ljava/lang/Object; @ 17
Event: 14.782 Thread 0x000000001af29800 Uncommon trap: reason=unreached action=reinterpret pc=0x0000000002bcbbcc method=org.codehaus.groovy.util.LazyReference.getLocked(Z)Ljava/lang/Object; @ 17
Event: 14.782 Thread 0x000000001af28800 Uncommon trap: reason=unreached action=reinterpret pc=0x0000000002bcbbcc method=org.codehaus.groovy.util.LazyReference.getLocked(Z)Ljava/lang/Object; @ 17
Event: 14.782 Thread 0x000000001af24000 Uncommon trap: reason=unreached action=reinterpret pc=0x0000000002bcbbcc method=org.codehaus.groovy.util.LazyReference.getLocked(Z)Ljava/lang/Object; @ 17
Event: 14.782 Thread 0x000000001af26800 Uncommon trap: reason=unreached action=reinterpret pc=0x0000000002bcbbcc method=org.codehaus.groovy.util.LazyReference.getLocked(Z)Ljava/lang/Object; @ 17
Event: 14.783 Thread 0x000000001af27000 Uncommon trap: reason=unreached action=reinterpret pc=0x0000000002bcbbcc method=org.codehaus.groovy.util.LazyReference.getLocked(Z)Ljava/lang/Object; @ 17
Event: 14.783 Thread 0x000000001af22800 Uncommon trap: reason=unreached action=reinterpret pc=0x0000000002bcbbcc method=org.codehaus.groovy.util.LazyReference.getLocked(Z)Ljava/lang/Object; @ 17
Event: 14.866 Thread 0x000000001af28000 Uncommon trap: reason=class_check action=maybe_recompile pc=0x00000000028c2ff4 method=java.util.concurrent.ConcurrentHashMap.putVal(Ljava/lang/Object;Ljava/lang/Object;Z)Ljava/lang/Object; @ 192
Event: 14.866 Thread 0x000000001af26800 Uncommon trap: reason=class_check action=maybe_recompile pc=0x00000000028c2ff4 method=java.util.concurrent.ConcurrentHashMap.putVal(Ljava/lang/Object;Ljava/lang/Object;Z)Ljava/lang/Object; @ 192
Event: 14.866 Thread 0x000000001af28800 Uncommon trap: reason=class_check action=maybe_recompile pc=0x00000000028c2ff4 method=java.util.concurrent.ConcurrentHashMap.putVal(Ljava/lang/Object;Ljava/lang/Object;Z)Ljava/lang/Object; @ 192

Internal exceptions (10 events):
Event: 14.873 Thread 0x000000001d28b000 Exception <a 'java/security/PrivilegedActionException'> (0x00000000eb7cc508) thrown at [D:\re\workspace\8-2-build-windows-amd64-cygwin\jdk8u25\1677\hotspot\src\share\vm\prims\jvm.cpp, line 1312]
Event: 14.873 Thread 0x000000001d28b000 Exception <a 'java/security/PrivilegedActionException'> (0x00000000eb7ccd30) thrown at [D:\re\workspace\8-2-build-windows-amd64-cygwin\jdk8u25\1677\hotspot\src\share\vm\prims\jvm.cpp, line 1312]
Event: 14.874 Thread 0x000000001d28b000 Exception <a 'java/security/PrivilegedActionException'> (0x00000000eb7cfe70) thrown at [D:\re\workspace\8-2-build-windows-amd64-cygwin\jdk8u25\1677\hotspot\src\share\vm\prims\jvm.cpp, line 1312]
Event: 14.874 Thread 0x000000001d28b000 Exception <a 'java/security/PrivilegedActionException'> (0x00000000eb7d05d8) thrown at [D:\re\workspace\8-2-build-windows-amd64-cygwin\jdk8u25\1677\hotspot\src\share\vm\prims\jvm.cpp, line 1312]
Event: 14.875 Thread 0x000000001d28b000 Exception <a 'java/security/PrivilegedActionException'> (0x00000000eb7d42e8) thrown at [D:\re\workspace\8-2-build-windows-amd64-cygwin\jdk8u25\1677\hotspot\src\share\vm\prims\jvm.cpp, line 1312]
Event: 14.875 Thread 0x000000001d28b000 Exception <a 'java/security/PrivilegedActionException'> (0x00000000eb7d4b18) thrown at [D:\re\workspace\8-2-build-windows-amd64-cygwin\jdk8u25\1677\hotspot\src\share\vm\prims\jvm.cpp, line 1312]
Event: 14.876 Thread 0x000000001d28b000 Exception <a 'java/security/PrivilegedActionException'> (0x00000000eb7d94d0) thrown at [D:\re\workspace\8-2-build-windows-amd64-cygwin\jdk8u25\1677\hotspot\src\share\vm\prims\jvm.cpp, line 1312]
Event: 14.876 Thread 0x000000001d28b000 Exception <a 'java/security/PrivilegedActionException'> (0x00000000eb7d9d68) thrown at [D:\re\workspace\8-2-build-windows-amd64-cygwin\jdk8u25\1677\hotspot\src\share\vm\prims\jvm.cpp, line 1312]
Event: 14.877 Thread 0x000000001d28b000 Exception <a 'java/security/PrivilegedActionException'> (0x00000000eb7dd830) thrown at [D:\re\workspace\8-2-build-windows-amd64-cygwin\jdk8u25\1677\hotspot\src\share\vm\prims\jvm.cpp, line 1312]
Event: 14.877 Thread 0x000000001d28b000 Exception <a 'java/security/PrivilegedActionException'> (0x00000000eb7de1e0) thrown at [D:\re\workspace\8-2-build-windows-amd64-cygwin\jdk8u25\1677\hotspot\src\share\vm\prims\jvm.cpp, line 1312]

Events (10 events):
Event: 14.936 Thread 0x0000000016f05000 flushing nmethod 0x0000000002555ad0
Event: 14.959 Thread 0x0000000016ef7800 flushing nmethod 0x00000000025781d0
Event: 14.959 Thread 0x0000000016ef7800 flushing nmethod 0x0000000002588e10
Event: 14.959 Thread 0x0000000016ef7800 flushing nmethod 0x0000000002595dd0
Event: 14.959 Thread 0x0000000016ef7800 flushing nmethod 0x00000000025bd2d0
Event: 14.959 Thread 0x0000000016ef7800 flushing nmethod 0x00000000025cd010
Event: 14.959 Thread 0x0000000016ef7800 flushing nmethod 0x00000000025cecd0
Event: 14.959 Thread 0x0000000016ef7800 flushing nmethod 0x00000000026056d0
Event: 14.959 Thread 0x0000000016ef7800 flushing nmethod 0x0000000002606ad0
Event: 14.959 Thread 0x0000000016ef7800 flushing nmethod 0x0000000002608550


Dynamic libraries:
0x00007ff7ba3e0000 - 0x00007ff7ba414000 	C:\Program Files\Java\jdk1.8.0_25\bin\java.exe
0x00007ffcc9af0000 - 0x00007ffcc9c9d000 	C:\WINDOWS\SYSTEM32\ntdll.dll
0x00007ffcc7930000 - 0x00007ffcc7a6e000 	C:\WINDOWS\system32\KERNEL32.DLL
0x00007ffcc6d10000 - 0x00007ffcc6e25000 	C:\WINDOWS\system32\KERNELBASE.dll
0x00007ffcc57c0000 - 0x00007ffcc584e000 	C:\WINDOWS\system32\apphelp.dll
0x00007ffcb98e0000 - 0x00007ffcb9933000 	C:\WINDOWS\AppPatch\AppPatch64\AcGenral.DLL
0x00007ffcc8110000 - 0x00007ffcc81ba000 	C:\WINDOWS\system32\msvcrt.dll
0x00007ffcc6a70000 - 0x00007ffcc6a9e000 	C:\WINDOWS\SYSTEM32\SspiCli.dll
0x00007ffcc7d10000 - 0x00007ffcc7d64000 	C:\WINDOWS\system32\SHLWAPI.dll
0x00007ffcc7b90000 - 0x00007ffcc7d07000 	C:\WINDOWS\system32\USER32.dll
0x00007ffcc7d70000 - 0x00007ffcc7f04000 	C:\WINDOWS\system32\ole32.dll
0x00007ffcc84b0000 - 0x00007ffcc99da000 	C:\WINDOWS\system32\SHELL32.dll
0x00007ffcc61e0000 - 0x00007ffcc6201000 	C:\WINDOWS\SYSTEM32\USERENV.dll
0x00007ffcc7a70000 - 0x00007ffcc7b1a000 	C:\WINDOWS\system32\ADVAPI32.dll
0x00007ffcbda30000 - 0x00007ffcbda4e000 	C:\WINDOWS\SYSTEM32\MPR.dll
0x00007ffcc7780000 - 0x00007ffcc78c1000 	C:\WINDOWS\system32\RPCRT4.dll
0x00007ffcc7560000 - 0x00007ffcc75b9000 	C:\WINDOWS\SYSTEM32\sechost.dll
0x00007ffcc7170000 - 0x00007ffcc7381000 	C:\WINDOWS\SYSTEM32\combase.dll
0x00007ffcc8360000 - 0x00007ffcc84b0000 	C:\WINDOWS\system32\GDI32.dll
0x00007ffcc6c40000 - 0x00007ffcc6c55000 	C:\WINDOWS\SYSTEM32\profapi.dll
0x00007ffcc5270000 - 0x00007ffcc5322000 	C:\WINDOWS\SYSTEM32\SHCORE.dll
0x00007ffcc9ab0000 - 0x00007ffcc9ae6000 	C:\WINDOWS\system32\IMM32.DLL
0x00007ffcc7620000 - 0x00007ffcc7772000 	C:\WINDOWS\system32\MSCTF.dll
0x00007ffcc3eb0000 - 0x00007ffcc412b000 	C:\WINDOWS\WinSxS\amd64_microsoft.windows.common-controls_6595b64144ccf1df_6.0.9600.18006_none_623f33d3ecbe86e8\COMCTL32.dll
0x0000000061740000 - 0x0000000061812000 	C:\Program Files\Java\jdk1.8.0_25\jre\bin\msvcr100.dll
0x0000000061bc0000 - 0x000000006241a000 	C:\Program Files\Java\jdk1.8.0_25\jre\bin\server\jvm.dll
0x00007ffcbea30000 - 0x00007ffcbea39000 	C:\WINDOWS\SYSTEM32\WSOCK32.dll
0x00007ffcba940000 - 0x00007ffcba962000 	C:\WINDOWS\SYSTEM32\WINMM.dll
0x00007ffcc8290000 - 0x00007ffcc8297000 	C:\WINDOWS\system32\PSAPI.DLL
0x00007ffcc75c0000 - 0x00007ffcc761a000 	C:\WINDOWS\system32\WS2_32.dll
0x00007ffcba910000 - 0x00007ffcba93a000 	C:\WINDOWS\SYSTEM32\WINMMBASE.dll
0x00007ffcc7f20000 - 0x00007ffcc7f29000 	C:\WINDOWS\system32\NSI.dll
0x00007ffcc7120000 - 0x00007ffcc716f000 	C:\WINDOWS\SYSTEM32\cfgmgr32.dll
0x00007ffcc5a60000 - 0x00007ffcc5a88000 	C:\WINDOWS\SYSTEM32\DEVOBJ.dll
0x0000000061bb0000 - 0x0000000061bbf000 	C:\Program Files\Java\jdk1.8.0_25\jre\bin\verify.dll
0x0000000061b80000 - 0x0000000061ba8000 	C:\Program Files\Java\jdk1.8.0_25\jre\bin\java.dll
0x0000000061b60000 - 0x0000000061b76000 	C:\Program Files\Java\jdk1.8.0_25\jre\bin\zip.dll
0x0000000061b40000 - 0x0000000061b5a000 	C:\Program Files\Java\jdk1.8.0_25\jre\bin\net.dll
0x00007ffcc6450000 - 0x00007ffcc64a9000 	C:\WINDOWS\system32\mswsock.dll
0x0000000061b20000 - 0x0000000061b31000 	C:\Program Files\Java\jdk1.8.0_25\jre\bin\nio.dll
0x00007ffcbc870000 - 0x00007ffcbc882000 	C:\Users\Ali Haider\.gradle\native\19\windows-amd64\native-platform.dll
0x00007ffcc2ad0000 - 0x00007ffcc2afa000 	C:\WINDOWS\SYSTEM32\IPHLPAPI.DLL
0x00007ffcc2ac0000 - 0x00007ffcc2aca000 	C:\WINDOWS\SYSTEM32\WINNSI.DLL
0x00007ffcc2680000 - 0x00007ffcc2696000 	C:\WINDOWS\SYSTEM32\dhcpcsvc6.DLL
0x00007ffcc2710000 - 0x00007ffcc272a000 	C:\WINDOWS\SYSTEM32\dhcpcsvc.DLL
0x00007ffcc64b0000 - 0x00007ffcc64d0000 	C:\WINDOWS\SYSTEM32\CRYPTSP.dll
0x00007ffcc60d0000 - 0x00007ffcc6106000 	C:\WINDOWS\system32\rsaenh.dll
0x00007ffcc6780000 - 0x00007ffcc67a6000 	C:\WINDOWS\SYSTEM32\bcrypt.dll
0x00007ffcc6aa0000 - 0x00007ffcc6b03000 	C:\WINDOWS\system32\bcryptprimitives.dll
0x00007ffcc6b10000 - 0x00007ffcc6b1b000 	C:\WINDOWS\SYSTEM32\CRYPTBASE.dll

VM Arguments:
jvm_args: -XX:MaxPermSize=256m -XX:+HeapDumpOnOutOfMemoryError -Xmx1024m -Dfile.encoding=windows-1252 -Duser.country=US -Duser.language=en -Duser.variant 
java_command: org.gradle.launcher.daemon.bootstrap.GradleDaemon 2.4 C:\Users\Ali Haider\.gradle C:\Users\Ali Haider\.gradle\daemon 10800000 d80e3143-4117-4468-8022-905e35a3ab36 -XX:MaxPermSize=256m -XX:+HeapDumpOnOutOfMemoryError -Xmx1024m -Dfile.encoding=windows-1252 -Duser.country=US -Duser.language=en -Duser.variant
java_class_path (initial): C:\Users\Ali Haider\.gradle\wrapper\dists\gradle-2.4-all\6r4uqcc6ovnq6ac6s0txzcpc0\gradle-2.4\lib\gradle-launcher-2.4.jar
Launcher Type: SUN_STANDARD

Environment Variables:
JAVA_HOME=C:\Program Files\Java\jdk1.8.0_25
PATH=C:\Program Files (x86)\Common Files\NetSarang;C:\WINDOWS\system32;C:\WINDOWS;C:\WINDOWS\System32\Wbem;C:\WINDOWS\System32\WindowsPowerShell\v1.0\;C:\Program Files\TortoiseSVN\bin;C:\Program Files (x86)\Git\cmd;C:\Program Files (x86)\Git\bin;C:\Program Files (x86)\Skype\Phone\;C:\Program Files (x86)\ATI Technologies\ATI.ACE\Core-Static;C:\wamp\bin\mysql\mysql5.6.12\bin;C:\Python26;C:\Python26\Scripts;C:\Python26\Lib\site-packages\django\bin;C:\Program Files\Java\jdk1.8.0_25\bin;C:\Users\Ali Haider\AppData\Local\Android\sdk\tools;C:\Users\Ali Haider\AppData\Local\Android\sdk\platform-tools
USERNAME=Hina Khan
OS=Windows_NT
PROCESSOR_IDENTIFIER=Intel64 Family 6 Model 42 Stepping 7, GenuineIntel



---------------  S Y S T E M  ---------------

OS: Windows 8.1 , 64 bit Build 9600 

CPU:total 8 (4 cores per cpu, 2 threads per core) family 6 model 42 stepping 7, cmov, cx8, fxsr, mmx, sse, sse2, sse3, ssse3, sse4.1, sse4.2, popcnt, avx, aes, clmul, ht, tsc, tscinvbit

Memory: 4k page, physical 8321388k(1250224k free), swap 11467116k(5808k free)

vm_info: Java HotSpot(TM) 64-Bit Server VM (25.25-b02) for windows-amd64 JRE (1.8.0_25-b18), built on Oct  7 2014 14:25:37 by "java_re" with MS VC++ 10.0 (VS2010)

time: Fri Jun 17 22:31:03 2016
elapsed time: 15 seconds (0d 0h 0m 15s)

