#
# There is insufficient memory for the Java Runtime Environment to continue.
# Native memory allocation (malloc) failed to allocate 1761216 bytes for Chunk::new
# Possible reasons:
#   The system is out of physical RAM or swap space
#   In 32 bit mode, the process size limit was hit
# Possible solutions:
#   Reduce memory load on the system
#   Increase physical memory or swap space
#   Check if swap backing store is full
#   Use 64 bit Java on a 64 bit OS
#   Decrease Java heap size (-Xmx/-Xms)
#   Decrease number of Java threads
#   Decrease Java thread stack sizes (-Xss)
#   Set larger code cache with -XX:ReservedCodeCacheSize=
# This output file may be truncated or incomplete.
#
#  Out of Memory Error (allocation.cpp:390), pid=9496, tid=4708
#
# JRE version: Java(TM) SE Runtime Environment (8.0_25-b18) (build 1.8.0_25-b18)
# Java VM: Java HotSpot(TM) 64-Bit Server VM (25.25-b02 mixed mode windows-amd64 compressed oops)
# Failed to write core dump. Minidumps are not enabled by default on client versions of Windows
#

---------------  T H R E A D  ---------------

Current thread (0x0000000016bb6800):  JavaThread "C2 CompilerThread0" daemon [_thread_in_native, id=4708, stack(0x0000000017190000,0x0000000017290000)]

Stack: [0x0000000017190000,0x0000000017290000]
Native frames: (J=compiled Java code, j=interpreted, Vv=VM code, C=native code)
V  [jvm.dll+0x31667a]
V  [jvm.dll+0x267073]
V  [jvm.dll+0x267cb3]
V  [jvm.dll+0x25f5b5]
V  [jvm.dll+0xbf165]
V  [jvm.dll+0xbf60c]
V  [jvm.dll+0x45d672]
V  [jvm.dll+0x49e8ef]
V  [jvm.dll+0x4527d4]
V  [jvm.dll+0x453864]
V  [jvm.dll+0x437372]
V  [jvm.dll+0x98a02]
V  [jvm.dll+0x991f3]
V  [jvm.dll+0x22bde4]
V  [jvm.dll+0x2852fa]
C  [msvcr100.dll+0x21d9f]
C  [msvcr100.dll+0x21e3b]
C  [KERNEL32.DLL+0x13d2]
C  [ntdll.dll+0x154e4]


Current CompileTask:
C2:   3236 1652   !   4       com.android.dx.cf.code.BytecodeArray::parseInstruction (2764 bytes)


---------------  P R O C E S S  ---------------

Java Threads: ( => current thread )
  0x0000000016f32800 JavaThread "pool-1-thread-4" [_thread_in_Java, id=3772, stack(0x0000000018390000,0x0000000018490000)]
  0x0000000016f31800 JavaThread "pool-1-thread-3" [_thread_in_Java, id=1984, stack(0x0000000018290000,0x0000000018390000)]
  0x0000000016f8c800 JavaThread "pool-1-thread-2" [_thread_in_Java, id=11556, stack(0x0000000018190000,0x0000000018290000)]
  0x0000000016f53800 JavaThread "pool-2-thread-1" [_thread_blocked, id=12040, stack(0x0000000018090000,0x0000000018190000)]
  0x0000000016f52800 JavaThread "pool-1-thread-1" [_thread_in_Java, id=3828, stack(0x0000000017f90000,0x0000000018090000)]
  0x0000000016c58800 JavaThread "Service Thread" daemon [_thread_blocked, id=11596, stack(0x0000000017590000,0x0000000017690000)]
  0x0000000016bde800 JavaThread "C1 CompilerThread3" daemon [_thread_in_native, id=5636, stack(0x0000000017490000,0x0000000017590000)]
  0x0000000016bbe000 JavaThread "C2 CompilerThread2" daemon [_thread_in_native, id=11644, stack(0x0000000017390000,0x0000000017490000)]
  0x0000000016bba000 JavaThread "C2 CompilerThread1" daemon [_thread_in_native, id=3884, stack(0x0000000017290000,0x0000000017390000)]
=>0x0000000016bb6800 JavaThread "C2 CompilerThread0" daemon [_thread_in_native, id=4708, stack(0x0000000017190000,0x0000000017290000)]
  0x0000000016bb5800 JavaThread "Attach Listener" daemon [_thread_blocked, id=8028, stack(0x0000000017090000,0x0000000017190000)]
  0x0000000016bb4800 JavaThread "Signal Dispatcher" daemon [_thread_blocked, id=10032, stack(0x0000000016f90000,0x0000000017090000)]
  0x0000000001f98800 JavaThread "Finalizer" daemon [_thread_blocked, id=5348, stack(0x0000000016a90000,0x0000000016b90000)]
  0x0000000014bbc800 JavaThread "Reference Handler" daemon [_thread_blocked, id=5400, stack(0x0000000016990000,0x0000000016a90000)]
  0x0000000001ea0800 JavaThread "main" [_thread_in_Java, id=10372, stack(0x0000000001cc0000,0x0000000001dc0000)]

Other Threads:
  0x0000000014bb8800 VMThread [stack: 0x0000000016890000,0x0000000016990000] [id=6164]
  0x0000000016c59800 WatcherThread [stack: 0x0000000017690000,0x0000000017790000] [id=5328]

VM state:not at safepoint (normal execution)

VM Mutex/Monitor currently owned by a thread: None

Heap:
 PSYoungGen      total 71680K, used 61970K [0x00000000eab00000, 0x00000000ef600000, 0x0000000100000000)
  eden space 66560K, 85% used [0x00000000eab00000,0x00000000ee285f48,0x00000000eec00000)
  from space 5120K, 99% used [0x00000000ef100000,0x00000000ef5feab0,0x00000000ef600000)
  to   space 5120K, 0% used [0x00000000eec00000,0x00000000eec00000,0x00000000ef100000)
 ParOldGen       total 87552K, used 4041K [0x00000000c0000000, 0x00000000c5580000, 0x00000000eab00000)
  object space 87552K, 4% used [0x00000000c0000000,0x00000000c03f2658,0x00000000c5580000)
 Metaspace       used 6233K, capacity 7152K, committed 7296K, reserved 1056768K
  class space    used 593K, capacity 616K, committed 640K, reserved 1048576K

Card table byte_map: [0x0000000011460000,0x0000000011670000] byte_map_base: 0x0000000010e60000

Marking Bits: (ParMarkBitMap*) 0x000000006239d490
 Begin Bits: [0x0000000011fd0000, 0x0000000012fd0000)
 End Bits:   [0x0000000012fd0000, 0x0000000013fd0000)

Polling page: 0x00000000004e0000

CodeCache: size=245760Kb used=7120Kb max_used=7120Kb free=238639Kb
 bounds [0x00000000020a0000, 0x00000000027a0000, 0x00000000110a0000]
 total_blobs=1991 nmethods=1726 adapters=178
 compilation: enabled

Compilation events (10 events):
Event: 3.028 Thread 0x0000000016bbe000 1675       4       java.util.ArrayList::removeRange (75 bytes)
Event: 3.030 Thread 0x0000000016bbe000 nmethod 1675 0x0000000002784890 code [0x00000000027849e0, 0x0000000002784b58]
Event: 3.030 Thread 0x0000000016bbe000 1602       4       com.android.dx.rop.code.ThrowingCstInsn::accept (8 bytes)
Event: 3.031 Thread 0x0000000016bbe000 nmethod 1602 0x00000000026b9c90 code [0x00000000026b9dc0, 0x00000000026b9e38]
Event: 3.031 Thread 0x0000000016bbe000 1603       4       com.android.dx.rop.code.ThrowingCstInsn::withNewRegisters (25 bytes)
Event: 3.033 Thread 0x0000000016bbe000 nmethod 1603 0x0000000002784250 code [0x00000000027843a0, 0x00000000027845d8]
Event: 3.033 Thread 0x0000000016bbe000 1595       4       com.android.dx.ssa.SsaBasicBlock::exitBlockFixup (58 bytes)
Event: 3.054 Thread 0x0000000016bbe000 nmethod 1595 0x000000000277e990 code [0x000000000277eb00, 0x000000000277f558]
Event: 3.054 Thread 0x0000000016bbe000 1563       4       com.android.dx.rop.code.RegisterSpec::equals (60 bytes)
Event: 3.059 Thread 0x0000000016bbe000 nmethod 1563 0x000000000278a190 code [0x000000000278a300, 0x000000000278a7f8]

GC Heap History (4 events):
Event: 1.747 GC heap before
{Heap before GC invocations=1 (full 0):
 PSYoungGen      total 38400K, used 33280K [0x00000000eab00000, 0x00000000ed580000, 0x0000000100000000)
  eden space 33280K, 100% used [0x00000000eab00000,0x00000000ecb80000,0x00000000ecb80000)
  from space 5120K, 0% used [0x00000000ed080000,0x00000000ed080000,0x00000000ed580000)
  to   space 5120K, 0% used [0x00000000ecb80000,0x00000000ecb80000,0x00000000ed080000)
 ParOldGen       total 87552K, used 0K [0x00000000c0000000, 0x00000000c5580000, 0x00000000eab00000)
  object space 87552K, 0% used [0x00000000c0000000,0x00000000c0000000,0x00000000c5580000)
 Metaspace       used 5902K, capacity 6896K, committed 7040K, reserved 1056768K
  class space    used 590K, capacity 616K, committed 640K, reserved 1048576K
Event: 1.811 GC heap after
Heap after GC invocations=1 (full 0):
 PSYoungGen      total 38400K, used 5092K [0x00000000eab00000, 0x00000000ef600000, 0x0000000100000000)
  eden space 33280K, 0% used [0x00000000eab00000,0x00000000eab00000,0x00000000ecb80000)
  from space 5120K, 99% used [0x00000000ecb80000,0x00000000ed0792a0,0x00000000ed080000)
  to   space 5120K, 0% used [0x00000000ef100000,0x00000000ef100000,0x00000000ef600000)
 ParOldGen       total 87552K, used 657K [0x00000000c0000000, 0x00000000c5580000, 0x00000000eab00000)
  object space 87552K, 0% used [0x00000000c0000000,0x00000000c00a4550,0x00000000c5580000)
 Metaspace       used 5902K, capacity 6896K, committed 7040K, reserved 1056768K
  class space    used 590K, capacity 616K, committed 640K, reserved 1048576K
}
Event: 2.482 GC heap before
{Heap before GC invocations=2 (full 0):
 PSYoungGen      total 38400K, used 38372K [0x00000000eab00000, 0x00000000ef600000, 0x0000000100000000)
  eden space 33280K, 100% used [0x00000000eab00000,0x00000000ecb80000,0x00000000ecb80000)
  from space 5120K, 99% used [0x00000000ecb80000,0x00000000ed0792a0,0x00000000ed080000)
  to   space 5120K, 0% used [0x00000000ef100000,0x00000000ef100000,0x00000000ef600000)
 ParOldGen       total 87552K, used 657K [0x00000000c0000000, 0x00000000c5580000, 0x00000000eab00000)
  object space 87552K, 0% used [0x00000000c0000000,0x00000000c00a4550,0x00000000c5580000)
 Metaspace       used 6142K, capacity 7088K, committed 7296K, reserved 1056768K
  class space    used 591K, capacity 616K, committed 640K, reserved 1048576K
Event: 2.572 GC heap after
Heap after GC invocations=2 (full 0):
 PSYoungGen      total 71680K, used 5114K [0x00000000eab00000, 0x00000000ef600000, 0x0000000100000000)
  eden space 66560K, 0% used [0x00000000eab00000,0x00000000eab00000,0x00000000eec00000)
  from space 5120K, 99% used [0x00000000ef100000,0x00000000ef5feab0,0x00000000ef600000)
  to   space 5120K, 0% used [0x00000000eec00000,0x00000000eec00000,0x00000000ef100000)
 ParOldGen       total 87552K, used 4041K [0x00000000c0000000, 0x00000000c5580000, 0x00000000eab00000)
  object space 87552K, 4% used [0x00000000c0000000,0x00000000c03f2658,0x00000000c5580000)
 Metaspace       used 6142K, capacity 7088K, committed 7296K, reserved 1056768K
  class space    used 591K, capacity 616K, committed 640K, reserved 1048576K
}

Deoptimization events (10 events):
Event: 2.895 Thread 0x0000000016f52800 Uncommon trap: reason=class_check action=maybe_recompile pc=0x00000000025bf4a4 method=com.android.dx.cf.code.BytecodeArray.parseInstruction(ILcom/android/dx/cf/code/BytecodeArray$Visitor;)I @ 1327
Event: 2.895 Thread 0x0000000016f52800 Uncommon trap: reason=class_check action=maybe_recompile pc=0x00000000025bf4a4 method=com.android.dx.cf.code.BytecodeArray.parseInstruction(ILcom/android/dx/cf/code/BytecodeArray$Visitor;)I @ 1327
Event: 2.895 Thread 0x0000000016f52800 Uncommon trap: reason=class_check action=maybe_recompile pc=0x00000000025bf4a4 method=com.android.dx.cf.code.BytecodeArray.parseInstruction(ILcom/android/dx/cf/code/BytecodeArray$Visitor;)I @ 1327
Event: 2.898 Thread 0x0000000016f32800 Uncommon trap: reason=bimorphic action=maybe_recompile pc=0x000000000262c374 method=com.android.dx.rop.code.RegisterSpec.withSimpleType()Lcom/android/dx/rop/code/RegisterSpec; @ 21
Event: 2.977 Thread 0x0000000016f8c800 Uncommon trap: reason=unloaded action=reinterpret pc=0x000000000268ac6c method=com.android.dx.ssa.LiteralOpUpgrader$1.visitNonMoveInsn(Lcom/android/dx/ssa/NormalSsaInsn;)V @ 72
Event: 2.977 Thread 0x0000000016f8c800 Uncommon trap: reason=unreached action=reinterpret pc=0x000000000242345c method=com.android.dx.ssa.SsaMethod.updateOneDefinition(Lcom/android/dx/ssa/SsaInsn;Lcom/android/dx/rop/code/RegisterSpec;)V @ 4
Event: 2.982 Thread 0x0000000016f8c800 Uncommon trap: reason=bimorphic action=maybe_recompile pc=0x0000000002643658 method=com.android.dx.ssa.SCCP.setLatticeValueTo(IILcom/android/dx/rop/cst/Constant;)Z @ 43
Event: 2.982 Thread 0x0000000016f8c800 Uncommon trap: reason=bimorphic action=maybe_recompile pc=0x0000000002643658 method=com.android.dx.ssa.SCCP.setLatticeValueTo(IILcom/android/dx/rop/cst/Constant;)Z @ 43
Event: 2.982 Thread 0x0000000016f8c800 Uncommon trap: reason=bimorphic action=maybe_recompile pc=0x0000000002643658 method=com.android.dx.ssa.SCCP.setLatticeValueTo(IILcom/android/dx/rop/cst/Constant;)Z @ 43
Event: 2.982 Thread 0x0000000016f8c800 Uncommon trap: reason=bimorphic action=maybe_recompile pc=0x0000000002643658 method=com.android.dx.ssa.SCCP.setLatticeValueTo(IILcom/android/dx/rop/cst/Constant;)Z @ 43

Internal exceptions (10 events):
Event: 1.237 Thread 0x0000000001ea0800 Exception <a 'java/security/PrivilegedActionException'> (0x00000000ec0f9588) thrown at [D:\re\workspace\8-2-build-windows-amd64-cygwin\jdk8u25\1677\hotspot\src\share\vm\prims\jvm.cpp, line 1312]
Event: 1.243 Thread 0x0000000001ea0800 Exception <a 'java/security/PrivilegedActionException'> (0x00000000ec103bb0) thrown at [D:\re\workspace\8-2-build-windows-amd64-cygwin\jdk8u25\1677\hotspot\src\share\vm\prims\jvm.cpp, line 1312]
Event: 1.243 Thread 0x0000000001ea0800 Exception <a 'java/security/PrivilegedActionException'> (0x00000000ec106640) thrown at [D:\re\workspace\8-2-build-windows-amd64-cygwin\jdk8u25\1677\hotspot\src\share\vm\prims\jvm.cpp, line 1312]
Event: 1.492 Thread 0x0000000016f8c800 Exception <a 'java/security/PrivilegedActionException'> (0x00000000ec25dcf0) thrown at [D:\re\workspace\8-2-build-windows-amd64-cygwin\jdk8u25\1677\hotspot\src\share\vm\prims\jvm.cpp, line 1312]
Event: 1.506 Thread 0x0000000016f8c800 Exception <a 'java/security/PrivilegedActionException'> (0x00000000ec263818) thrown at [D:\re\workspace\8-2-build-windows-amd64-cygwin\jdk8u25\1677\hotspot\src\share\vm\prims\jvm.cpp, line 1312]
Event: 1.507 Thread 0x0000000016f8c800 Exception <a 'java/security/PrivilegedActionException'> (0x00000000ec269018) thrown at [D:\re\workspace\8-2-build-windows-amd64-cygwin\jdk8u25\1677\hotspot\src\share\vm\prims\jvm.cpp, line 1312]
Event: 2.043 Thread 0x0000000001ea0800 Exception <a 'java/security/PrivilegedActionException'> (0x00000000ebf51a50) thrown at [D:\re\workspace\8-2-build-windows-amd64-cygwin\jdk8u25\1677\hotspot\src\share\vm\prims\jvm.cpp, line 1312]
Event: 2.043 Thread 0x0000000001ea0800 Exception <a 'java/security/PrivilegedActionException'> (0x00000000ebf542d0) thrown at [D:\re\workspace\8-2-build-windows-amd64-cygwin\jdk8u25\1677\hotspot\src\share\vm\prims\jvm.cpp, line 1312]
Event: 2.874 Thread 0x0000000016f32800 Exception <a 'java/security/PrivilegedActionException'> (0x00000000eb5dcc40) thrown at [D:\re\workspace\8-2-build-windows-amd64-cygwin\jdk8u25\1677\hotspot\src\share\vm\prims\jvm.cpp, line 1312]
Event: 2.977 Thread 0x0000000016f8c800 Exception <a 'java/security/PrivilegedActionException'> (0x00000000ec490fa8) thrown at [D:\re\workspace\8-2-build-windows-amd64-cygwin\jdk8u25\1677\hotspot\src\share\vm\prims\jvm.cpp, line 1312]

Events (10 events):
Event: 2.982 Thread 0x0000000016f8c800 DEOPT UNPACKING pc=0x00000000020e556a sp=0x000000001828e468 mode 2
Event: 2.982 Thread 0x0000000016f8c800 Uncommon trap: trap_request=0xffffffc6 fr.pc=0x0000000002643658
Event: 2.982 Thread 0x0000000016f8c800 DEOPT PACKING pc=0x0000000002643658 sp=0x000000001828e500
Event: 2.982 Thread 0x0000000016f8c800 DEOPT UNPACKING pc=0x00000000020e556a sp=0x000000001828e468 mode 2
Event: 2.982 Thread 0x0000000016f8c800 Uncommon trap: trap_request=0xffffffc6 fr.pc=0x0000000002643658
Event: 2.982 Thread 0x0000000016f8c800 DEOPT PACKING pc=0x0000000002643658 sp=0x000000001828e5a0
Event: 2.982 Thread 0x0000000016f8c800 DEOPT UNPACKING pc=0x00000000020e556a sp=0x000000001828e508 mode 2
Event: 2.982 Thread 0x0000000016f8c800 Uncommon trap: trap_request=0xffffffc6 fr.pc=0x0000000002643658
Event: 2.982 Thread 0x0000000016f8c800 DEOPT PACKING pc=0x0000000002643658 sp=0x000000001828e5a0
Event: 2.982 Thread 0x0000000016f8c800 DEOPT UNPACKING pc=0x00000000020e556a sp=0x000000001828e508 mode 2


Dynamic libraries:
0x00007ff7ba3e0000 - 0x00007ff7ba414000 	C:\Program Files\Java\jdk1.8.0_25\bin\java.exe
0x00007ffcc9af0000 - 0x00007ffcc9c9d000 	C:\WINDOWS\SYSTEM32\ntdll.dll
0x00007ffcc7930000 - 0x00007ffcc7a6e000 	C:\WINDOWS\system32\KERNEL32.DLL
0x00007ffcc6d10000 - 0x00007ffcc6e25000 	C:\WINDOWS\system32\KERNELBASE.dll
0x00007ffcc57c0000 - 0x00007ffcc584e000 	C:\WINDOWS\system32\apphelp.dll
0x00007ffcb98e0000 - 0x00007ffcb9933000 	C:\WINDOWS\AppPatch\AppPatch64\AcGenral.DLL
0x00007ffcc8110000 - 0x00007ffcc81ba000 	C:\WINDOWS\system32\msvcrt.dll
0x00007ffcc6a70000 - 0x00007ffcc6a9e000 	C:\WINDOWS\SYSTEM32\SspiCli.dll
0x00007ffcc7d10000 - 0x00007ffcc7d64000 	C:\WINDOWS\system32\SHLWAPI.dll
0x00007ffcc7b90000 - 0x00007ffcc7d07000 	C:\WINDOWS\system32\USER32.dll
0x00007ffcc7d70000 - 0x00007ffcc7f04000 	C:\WINDOWS\system32\ole32.dll
0x00007ffcc84b0000 - 0x00007ffcc99da000 	C:\WINDOWS\system32\SHELL32.dll
0x00007ffcc61e0000 - 0x00007ffcc6201000 	C:\WINDOWS\SYSTEM32\USERENV.dll
0x00007ffcc7a70000 - 0x00007ffcc7b1a000 	C:\WINDOWS\system32\ADVAPI32.dll
0x00007ffcbda30000 - 0x00007ffcbda4e000 	C:\WINDOWS\SYSTEM32\MPR.dll
0x00007ffcc7780000 - 0x00007ffcc78c1000 	C:\WINDOWS\system32\RPCRT4.dll
0x00007ffcc7560000 - 0x00007ffcc75b9000 	C:\WINDOWS\SYSTEM32\sechost.dll
0x00007ffcc7170000 - 0x00007ffcc7381000 	C:\WINDOWS\SYSTEM32\combase.dll
0x00007ffcc8360000 - 0x00007ffcc84b0000 	C:\WINDOWS\system32\GDI32.dll
0x00007ffcc6c40000 - 0x00007ffcc6c55000 	C:\WINDOWS\SYSTEM32\profapi.dll
0x00007ffcc5270000 - 0x00007ffcc5322000 	C:\WINDOWS\SYSTEM32\SHCORE.dll
0x00007ffcc9ab0000 - 0x00007ffcc9ae6000 	C:\WINDOWS\system32\IMM32.DLL
0x00007ffcc7620000 - 0x00007ffcc7772000 	C:\WINDOWS\system32\MSCTF.dll
0x00007ffcc3eb0000 - 0x00007ffcc412b000 	C:\WINDOWS\WinSxS\amd64_microsoft.windows.common-controls_6595b64144ccf1df_6.0.9600.18006_none_623f33d3ecbe86e8\COMCTL32.dll
0x0000000061740000 - 0x0000000061812000 	C:\Program Files\Java\jdk1.8.0_25\jre\bin\msvcr100.dll
0x0000000061bc0000 - 0x000000006241a000 	C:\Program Files\Java\jdk1.8.0_25\jre\bin\server\jvm.dll
0x00007ffcbea30000 - 0x00007ffcbea39000 	C:\WINDOWS\SYSTEM32\WSOCK32.dll
0x00007ffcba940000 - 0x00007ffcba962000 	C:\WINDOWS\SYSTEM32\WINMM.dll
0x00007ffcc8290000 - 0x00007ffcc8297000 	C:\WINDOWS\system32\PSAPI.DLL
0x00007ffcc75c0000 - 0x00007ffcc761a000 	C:\WINDOWS\system32\WS2_32.dll
0x00007ffcba910000 - 0x00007ffcba93a000 	C:\WINDOWS\SYSTEM32\WINMMBASE.dll
0x00007ffcc7f20000 - 0x00007ffcc7f29000 	C:\WINDOWS\system32\NSI.dll
0x00007ffcc7120000 - 0x00007ffcc716f000 	C:\WINDOWS\SYSTEM32\cfgmgr32.dll
0x00007ffcc5a60000 - 0x00007ffcc5a88000 	C:\WINDOWS\SYSTEM32\DEVOBJ.dll
0x0000000061bb0000 - 0x0000000061bbf000 	C:\Program Files\Java\jdk1.8.0_25\jre\bin\verify.dll
0x0000000061b80000 - 0x0000000061ba8000 	C:\Program Files\Java\jdk1.8.0_25\jre\bin\java.dll
0x0000000061b60000 - 0x0000000061b76000 	C:\Program Files\Java\jdk1.8.0_25\jre\bin\zip.dll
0x00007ffc9e520000 - 0x00007ffc9e6a9000 	C:\WINDOWS\SYSTEM32\dbghelp.dll

VM Arguments:
jvm_args: -Xmx1024M -Dfile.encoding=windows-1252 -Duser.country=US -Duser.language=en -Duser.variant 
java_command: com.android.dx.command.Main --dex --num-threads=4 --output D:\sources\RetrofitCookie\app\build\intermediates\pre-dexed\debug\internal_impl-24.0.0-0fb4adf92661cdc1f5613fee61a6df589a499f59.jar D:\sources\RetrofitCookie\app\build\intermediates\exploded-aar\com.android.support\support-v4\24.0.0\jars\libs\internal_impl-24.0.0.jar
java_class_path (initial): C:\Users\Ali Haider\AppData\Local\Android\sdk\build-tools\24.0.0-preview\lib\dx.jar
Launcher Type: SUN_STANDARD

Environment Variables:
JAVA_HOME=C:\Program Files\Java\jdk1.8.0_25
PATH=C:\Program Files (x86)\Common Files\NetSarang;C:\WINDOWS\system32;C:\WINDOWS;C:\WINDOWS\System32\Wbem;C:\WINDOWS\System32\WindowsPowerShell\v1.0\;C:\Program Files\TortoiseSVN\bin;C:\Program Files (x86)\Git\cmd;C:\Program Files (x86)\Git\bin;C:\Program Files (x86)\Skype\Phone\;C:\Program Files (x86)\ATI Technologies\ATI.ACE\Core-Static;C:\wamp\bin\mysql\mysql5.6.12\bin;C:\Python26;C:\Python26\Scripts;C:\Python26\Lib\site-packages\django\bin;C:\Program Files\Java\jdk1.8.0_25\bin;C:\Users\Ali Haider\AppData\Local\Android\sdk\tools;C:\Users\Ali Haider\AppData\Local\Android\sdk\platform-tools
USERNAME=Hina Khan
OS=Windows_NT
PROCESSOR_IDENTIFIER=Intel64 Family 6 Model 42 Stepping 7, GenuineIntel



---------------  S Y S T E M  ---------------

OS: Windows 8.1 , 64 bit Build 9600 

CPU:total 8 (4 cores per cpu, 2 threads per core) family 6 model 42 stepping 7, cmov, cx8, fxsr, mmx, sse, sse2, sse3, ssse3, sse4.1, sse4.2, popcnt, avx, aes, clmul, ht, tsc, tscinvbit

Memory: 4k page, physical 8321388k(1108108k free), swap 11467116k(10840k free)

vm_info: Java HotSpot(TM) 64-Bit Server VM (25.25-b02) for windows-amd64 JRE (1.8.0_25-b18), built on Oct  7 2014 14:25:37 by "java_re" with MS VC++ 10.0 (VS2010)

time: Fri Jun 17 22:16:12 2016
elapsed time: 3 seconds (0d 0h 0m 3s)

