#
# There is insufficient memory for the Java Runtime Environment to continue.
# Native memory allocation (malloc) failed to allocate 65552 bytes for Chunk::new
# Possible reasons:
#   The system is out of physical RAM or swap space
#   In 32 bit mode, the process size limit was hit
# Possible solutions:
#   Reduce memory load on the system
#   Increase physical memory or swap space
#   Check if swap backing store is full
#   Use 64 bit Java on a 64 bit OS
#   Decrease Java heap size (-Xmx/-Xms)
#   Decrease number of Java threads
#   Decrease Java thread stack sizes (-Xss)
#   Set larger code cache with -XX:ReservedCodeCacheSize=
# This output file may be truncated or incomplete.
#
#  Out of Memory Error (allocation.cpp:390), pid=6000, tid=10468
#
# JRE version: Java(TM) SE Runtime Environment (8.0_25-b18) (build 1.8.0_25-b18)
# Java VM: Java HotSpot(TM) 64-Bit Server VM (25.25-b02 mixed mode windows-amd64 compressed oops)
# Failed to write core dump. Minidumps are not enabled by default on client versions of Windows
#

---------------  T H R E A D  ---------------

Current thread (0x00000000170e5800):  JavaThread "C2 CompilerThread0" daemon [_thread_in_native, id=10468, stack(0x00000000176c0000,0x00000000177c0000)]

Stack: [0x00000000176c0000,0x00000000177c0000]
Native frames: (J=compiled Java code, j=interpreted, Vv=VM code, C=native code)
V  [jvm.dll+0x31667a]


Current CompileTask:
C2:   3228 1187       4       com.android.dx.ssa.LiteralOpUpgrader$1::visitNonMoveInsn (203 bytes)


---------------  P R O C E S S  ---------------

Java Threads: ( => current thread )
  0x00000000172b5000 JavaThread "pool-1-thread-3" [_thread_in_vm, id=8356, stack(0x0000000017fc0000,0x00000000180c0000)]
  0x000000001729b000 JavaThread "pool-2-thread-1" [_thread_blocked, id=4268, stack(0x0000000017dc0000,0x0000000017ec0000)]
  0x000000001729a000 JavaThread "pool-1-thread-1" [_thread_in_Java, id=8680, stack(0x0000000017cc0000,0x0000000017dc0000)]
  0x000000001716c000 JavaThread "Service Thread" daemon [_thread_blocked, id=5716, stack(0x0000000017ac0000,0x0000000017bc0000)]
  0x0000000017148800 JavaThread "C1 CompilerThread3" daemon [_thread_in_native, id=7176, stack(0x00000000179c0000,0x0000000017ac0000)]
  0x0000000017139800 JavaThread "C2 CompilerThread2" daemon [_thread_in_native, id=4004, stack(0x00000000178c0000,0x00000000179c0000)]
  0x000000001712e000 JavaThread "C2 CompilerThread1" daemon [_thread_in_native, id=228, stack(0x00000000177c0000,0x00000000178c0000)]
=>0x00000000170e5800 JavaThread "C2 CompilerThread0" daemon [_thread_in_native, id=10468, stack(0x00000000176c0000,0x00000000177c0000)]
  0x00000000170e4000 JavaThread "Attach Listener" daemon [_thread_blocked, id=4480, stack(0x00000000175c0000,0x00000000176c0000)]
  0x00000000150fe800 JavaThread "Signal Dispatcher" daemon [_thread_blocked, id=6776, stack(0x00000000174c0000,0x00000000175c0000)]
  0x00000000025c7800 JavaThread "Finalizer" daemon [_thread_blocked, id=1656, stack(0x0000000016fc0000,0x00000000170c0000)]
  0x00000000150ec800 JavaThread "Reference Handler" daemon [_thread_blocked, id=9800, stack(0x0000000016ec0000,0x0000000016fc0000)]
  0x00000000024d0800 JavaThread "main" [_thread_blocked, id=9264, stack(0x00000000023d0000,0x00000000024d0000)]

Other Threads:
  0x00000000150e8800 VMThread [stack: 0x0000000016dc0000,0x0000000016ec0000] [id=6340]
  0x000000001716c800 WatcherThread [stack: 0x0000000017bc0000,0x0000000017cc0000] [id=9540]

VM state:not at safepoint (normal execution)

VM Mutex/Monitor currently owned by a thread:  ([mutex/lock_event])
[0x00000000023cb8e0] CodeCache_lock - owner thread: 0x0000000017148800
[0x00000000023ce740] Compile_lock - owner thread: 0x0000000000000000

Heap:
 PSYoungGen      total 38400K, used 32719K [0x00000000eab00000, 0x00000000ed580000, 0x0000000100000000)
  eden space 33280K, 98% used [0x00000000eab00000,0x00000000ecaf3c58,0x00000000ecb80000)
  from space 5120K, 0% used [0x00000000ed080000,0x00000000ed080000,0x00000000ed580000)
  to   space 5120K, 0% used [0x00000000ecb80000,0x00000000ecb80000,0x00000000ed080000)
 ParOldGen       total 87552K, used 0K [0x00000000c0000000, 0x00000000c5580000, 0x00000000eab00000)
  object space 87552K, 0% used [0x00000000c0000000,0x00000000c0000000,0x00000000c5580000)
 Metaspace       used 5889K, capacity 6896K, committed 7040K, reserved 1056768K
  class space    used 592K, capacity 616K, committed 640K, reserved 1048576K

Card table byte_map: [0x0000000011990000,0x0000000011ba0000] byte_map_base: 0x0000000011390000

Marking Bits: (ParMarkBitMap*) 0x000000006239d490
 Begin Bits: [0x0000000012500000, 0x0000000013500000)
 End Bits:   [0x0000000013500000, 0x0000000014500000)

Polling page: 0x0000000000b90000

CodeCache: size=245760Kb used=4732Kb max_used=4732Kb free=241028Kb
 bounds [0x00000000025d0000, 0x0000000002a80000, 0x00000000115d0000]
 total_blobs=1450 nmethods=1186 adapters=178
 compilation: enabled

Compilation events (10 events):
Event: 3.221 Thread 0x0000000017139800 1193       4       com.android.dx.ssa.back.FirstFitLocalCombiningAllocator$1::processInsn (169 bytes)
Event: 3.223 Thread 0x0000000017148800 nmethod 1190 0x0000000002a6c5d0 code [0x0000000002a6c940, 0x0000000002a6e6c8]
Event: 3.223 Thread 0x0000000017148800 1191       3       com.android.dx.rop.code.Insn::canThrow (8 bytes)
Event: 3.224 Thread 0x0000000017148800 nmethod 1191 0x0000000002a64210 code [0x0000000002a64380, 0x0000000002a646e8]
Event: 3.224 Thread 0x0000000017148800 1192       3       com.android.dx.ssa.SsaMethod::onInsnsChanged (16 bytes)
Event: 3.224 Thread 0x0000000017148800 nmethod 1192 0x0000000002a63e90 code [0x0000000002a63fe0, 0x0000000002a64170]
Event: 3.224 Thread 0x0000000017148800 1188       3       com.android.dx.rop.code.Rops::opMarkLocal (69 bytes)
Event: 3.225 Thread 0x0000000017148800 nmethod 1188 0x0000000002a6f790 code [0x0000000002a6f9c0, 0x0000000002a70558]
Event: 3.225 Thread 0x0000000017148800 1195       1       com.android.dx.rop.code.SourcePosition::getLine (5 bytes)
Event: 3.225 Thread 0x0000000017148800 nmethod 1195 0x0000000002a63bd0 code [0x0000000002a63d20, 0x0000000002a63e30]

GC Heap History (0 events):
No events

Deoptimization events (7 events):
Event: 2.213 Thread 0x00000000172b5000 Uncommon trap: reason=class_check action=maybe_recompile pc=0x000000000289f220 method=com.android.dx.rop.type.Type.equals(Ljava/lang/Object;)Z @ 8
Event: 2.238 Thread 0x000000001729d800 Uncommon trap: reason=unreached action=reinterpret pc=0x00000000028bba9c method=com.android.dx.rop.cst.Constant.compareTo(Lcom/android/dx/rop/cst/Constant;)I @ 12
Event: 2.264 Thread 0x000000001729d800 Uncommon trap: reason=class_check action=maybe_recompile pc=0x000000000289f220 method=com.android.dx.rop.type.Type.equals(Ljava/lang/Object;)Z @ 8
Event: 2.264 Thread 0x000000001729d800 Uncommon trap: reason=class_check action=maybe_recompile pc=0x000000000289f220 method=com.android.dx.rop.type.Type.equals(Ljava/lang/Object;)Z @ 8
Event: 2.264 Thread 0x000000001729d800 Uncommon trap: reason=class_check action=maybe_recompile pc=0x000000000289f220 method=com.android.dx.rop.type.Type.equals(Ljava/lang/Object;)Z @ 8
Event: 2.419 Thread 0x000000001729d800 Uncommon trap: reason=bimorphic action=maybe_recompile pc=0x00000000028411e8 method=java.util.HashMap.getNode(ILjava/lang/Object;)Ljava/util/HashMap$Node; @ 126
Event: 2.721 Thread 0x000000001729d800 Uncommon trap: reason=null_check action=make_not_entrant pc=0x0000000002911860 method=com.android.dx.rop.type.Type.equals(Ljava/lang/Object;)Z @ 8

Internal exceptions (10 events):
Event: 1.619 Thread 0x00000000024d0800 Exception <a 'java/security/PrivilegedActionException'> (0x00000000eb781cc8) thrown at [D:\re\workspace\8-2-build-windows-amd64-cygwin\jdk8u25\1677\hotspot\src\share\vm\prims\jvm.cpp, line 1312]
Event: 1.620 Thread 0x00000000024d0800 Exception <a 'java/security/PrivilegedActionException'> (0x00000000eb787e90) thrown at [D:\re\workspace\8-2-build-windows-amd64-cygwin\jdk8u25\1677\hotspot\src\share\vm\prims\jvm.cpp, line 1312]
Event: 1.621 Thread 0x00000000024d0800 Exception <a 'java/security/PrivilegedActionException'> (0x00000000eb78d240) thrown at [D:\re\workspace\8-2-build-windows-amd64-cygwin\jdk8u25\1677\hotspot\src\share\vm\prims\jvm.cpp, line 1312]
Event: 1.626 Thread 0x000000001729a000 Exception <a 'java/security/PrivilegedActionException'> (0x00000000eb198740) thrown at [D:\re\workspace\8-2-build-windows-amd64-cygwin\jdk8u25\1677\hotspot\src\share\vm\prims\jvm.cpp, line 1312]
Event: 1.654 Thread 0x00000000172b5000 Exception <a 'java/security/PrivilegedActionException'> (0x00000000eb81aa10) thrown at [D:\re\workspace\8-2-build-windows-amd64-cygwin\jdk8u25\1677\hotspot\src\share\vm\prims\jvm.cpp, line 1312]
Event: 1.672 Thread 0x000000001729d800 Exception <a 'java/security/PrivilegedActionException'> (0x00000000eb8c7460) thrown at [D:\re\workspace\8-2-build-windows-amd64-cygwin\jdk8u25\1677\hotspot\src\share\vm\prims\jvm.cpp, line 1312]
Event: 2.557 Thread 0x000000001729a000 Exception <a 'java/security/PrivilegedActionException'> (0x00000000ec28b200) thrown at [D:\re\workspace\8-2-build-windows-amd64-cygwin\jdk8u25\1677\hotspot\src\share\vm\prims\jvm.cpp, line 1312]
Event: 2.558 Thread 0x000000001729a000 Exception <a 'java/security/PrivilegedActionException'> (0x00000000ec290d28) thrown at [D:\re\workspace\8-2-build-windows-amd64-cygwin\jdk8u25\1677\hotspot\src\share\vm\prims\jvm.cpp, line 1312]
Event: 2.559 Thread 0x000000001729a000 Exception <a 'java/security/PrivilegedActionException'> (0x00000000ec2965e0) thrown at [D:\re\workspace\8-2-build-windows-amd64-cygwin\jdk8u25\1677\hotspot\src\share\vm\prims\jvm.cpp, line 1312]
Event: 2.721 Thread 0x000000001729d800 Implicit null exception at 0x0000000002911762 to 0x0000000002911852

Events (10 events):
Event: 2.688 Executing VM operation: ForceSafepoint done
Event: 2.716 Thread 0x000000001729d800 DEOPT PACKING pc=0x000000000287fc22 sp=0x0000000017fbe2e0
Event: 2.716 Thread 0x000000001729d800 DEOPT UNPACKING pc=0x00000000026175bf sp=0x0000000017fbe058 mode 0
Event: 2.721 Thread 0x000000001729d800 Uncommon trap: trap_request=0xfffffff4 fr.pc=0x0000000002911860
Event: 2.721 Thread 0x000000001729d800 DEOPT PACKING pc=0x0000000002911860 sp=0x0000000017fbe0c0
Event: 2.721 Thread 0x000000001729d800 DEOPT UNPACKING pc=0x000000000261556a sp=0x0000000017fbe048 mode 2
Event: 2.741 Thread 0x00000000172da000 DEOPT PACKING pc=0x00000000028ee5b5 sp=0x00000000181becb0
Event: 2.741 Thread 0x00000000172da000 DEOPT UNPACKING pc=0x00000000026175bf sp=0x00000000181beaa0 mode 0
Event: 2.953 Thread 0x00000000172da000 Thread exited: 0x00000000172da000
Event: 2.986 Thread 0x000000001729d800 Thread exited: 0x000000001729d800


Dynamic libraries:
0x00007ff7ba3e0000 - 0x00007ff7ba414000 	C:\Program Files\Java\jdk1.8.0_25\bin\java.exe
0x00007ffcc9af0000 - 0x00007ffcc9c9d000 	C:\WINDOWS\SYSTEM32\ntdll.dll
0x00007ffcc7930000 - 0x00007ffcc7a6e000 	C:\WINDOWS\system32\KERNEL32.DLL
0x00007ffcc6d10000 - 0x00007ffcc6e25000 	C:\WINDOWS\system32\KERNELBASE.dll
0x00007ffcc57c0000 - 0x00007ffcc584e000 	C:\WINDOWS\system32\apphelp.dll
0x00007ffcb98e0000 - 0x00007ffcb9933000 	C:\WINDOWS\AppPatch\AppPatch64\AcGenral.DLL
0x00007ffcc8110000 - 0x00007ffcc81ba000 	C:\WINDOWS\system32\msvcrt.dll
0x00007ffcc6a70000 - 0x00007ffcc6a9e000 	C:\WINDOWS\SYSTEM32\SspiCli.dll
0x00007ffcc7d10000 - 0x00007ffcc7d64000 	C:\WINDOWS\system32\SHLWAPI.dll
0x00007ffcc7b90000 - 0x00007ffcc7d07000 	C:\WINDOWS\system32\USER32.dll
0x00007ffcc7d70000 - 0x00007ffcc7f04000 	C:\WINDOWS\system32\ole32.dll
0x00007ffcc84b0000 - 0x00007ffcc99da000 	C:\WINDOWS\system32\SHELL32.dll
0x00007ffcc61e0000 - 0x00007ffcc6201000 	C:\WINDOWS\SYSTEM32\USERENV.dll
0x00007ffcc7a70000 - 0x00007ffcc7b1a000 	C:\WINDOWS\system32\ADVAPI32.dll
0x00007ffcbda30000 - 0x00007ffcbda4e000 	C:\WINDOWS\SYSTEM32\MPR.dll
0x00007ffcc7780000 - 0x00007ffcc78c1000 	C:\WINDOWS\system32\RPCRT4.dll
0x00007ffcc7560000 - 0x00007ffcc75b9000 	C:\WINDOWS\SYSTEM32\sechost.dll
0x00007ffcc7170000 - 0x00007ffcc7381000 	C:\WINDOWS\SYSTEM32\combase.dll
0x00007ffcc8360000 - 0x00007ffcc84b0000 	C:\WINDOWS\system32\GDI32.dll
0x00007ffcc6c40000 - 0x00007ffcc6c55000 	C:\WINDOWS\SYSTEM32\profapi.dll
0x00007ffcc5270000 - 0x00007ffcc5322000 	C:\WINDOWS\SYSTEM32\SHCORE.dll
0x00007ffcc9ab0000 - 0x00007ffcc9ae6000 	C:\WINDOWS\system32\IMM32.DLL
0x00007ffcc7620000 - 0x00007ffcc7772000 	C:\WINDOWS\system32\MSCTF.dll
0x00007ffcc3eb0000 - 0x00007ffcc412b000 	C:\WINDOWS\WinSxS\amd64_microsoft.windows.common-controls_6595b64144ccf1df_6.0.9600.18006_none_623f33d3ecbe86e8\COMCTL32.dll
0x0000000061740000 - 0x0000000061812000 	C:\Program Files\Java\jdk1.8.0_25\jre\bin\msvcr100.dll
0x0000000061bc0000 - 0x000000006241a000 	C:\Program Files\Java\jdk1.8.0_25\jre\bin\server\jvm.dll
0x00007ffcbea30000 - 0x00007ffcbea39000 	C:\WINDOWS\SYSTEM32\WSOCK32.dll
0x00007ffcba940000 - 0x00007ffcba962000 	C:\WINDOWS\SYSTEM32\WINMM.dll
0x00007ffcc8290000 - 0x00007ffcc8297000 	C:\WINDOWS\system32\PSAPI.DLL
0x00007ffcc75c0000 - 0x00007ffcc761a000 	C:\WINDOWS\system32\WS2_32.dll
0x00007ffcba910000 - 0x00007ffcba93a000 	C:\WINDOWS\SYSTEM32\WINMMBASE.dll
0x00007ffcc7f20000 - 0x00007ffcc7f29000 	C:\WINDOWS\system32\NSI.dll
0x00007ffcc7120000 - 0x00007ffcc716f000 	C:\WINDOWS\SYSTEM32\cfgmgr32.dll
0x00007ffcc5a60000 - 0x00007ffcc5a88000 	C:\WINDOWS\SYSTEM32\DEVOBJ.dll
0x0000000061bb0000 - 0x0000000061bbf000 	C:\Program Files\Java\jdk1.8.0_25\jre\bin\verify.dll
0x0000000061b80000 - 0x0000000061ba8000 	C:\Program Files\Java\jdk1.8.0_25\jre\bin\java.dll
0x0000000061b60000 - 0x0000000061b76000 	C:\Program Files\Java\jdk1.8.0_25\jre\bin\zip.dll

VM Arguments:
jvm_args: -Xmx1024M -Dfile.encoding=windows-1252 -Duser.country=US -Duser.language=en -Duser.variant 
java_command: com.android.dx.command.Main --dex --num-threads=4 --output D:\sources\RetrofitCookie\app\build\intermediates\pre-dexed\debug\classes-4bd6f38cf1bbe174010c3c5bde01ef6c840b59e9.jar D:\sources\RetrofitCookie\app\build\intermediates\exploded-aar\com.android.support\support-vector-drawable\24.0.0\jars\classes.jar
java_class_path (initial): C:\Users\Ali Haider\AppData\Local\Android\sdk\build-tools\24.0.0-preview\lib\dx.jar
Launcher Type: SUN_STANDARD

Environment Variables:
JAVA_HOME=C:\Program Files\Java\jdk1.8.0_25
PATH=C:\Program Files (x86)\Common Files\NetSarang;C:\WINDOWS\system32;C:\WINDOWS;C:\WINDOWS\System32\Wbem;C:\WINDOWS\System32\WindowsPowerShell\v1.0\;C:\Program Files\TortoiseSVN\bin;C:\Program Files (x86)\Git\cmd;C:\Program Files (x86)\Git\bin;C:\Program Files (x86)\Skype\Phone\;C:\Program Files (x86)\ATI Technologies\ATI.ACE\Core-Static;C:\wamp\bin\mysql\mysql5.6.12\bin;C:\Python26;C:\Python26\Scripts;C:\Python26\Lib\site-packages\django\bin;C:\Program Files\Java\jdk1.8.0_25\bin;C:\Users\Ali Haider\AppData\Local\Android\sdk\tools;C:\Users\Ali Haider\AppData\Local\Android\sdk\platform-tools
USERNAME=Hina Khan
OS=Windows_NT
PROCESSOR_IDENTIFIER=Intel64 Family 6 Model 42 Stepping 7, GenuineIntel



---------------  S Y S T E M  ---------------

OS: Windows 8.1 , 64 bit Build 9600 

CPU:total 8 (4 cores per cpu, 2 threads per core) family 6 model 42 stepping 7, cmov, cx8, fxsr, mmx, sse, sse2, sse3, ssse3, sse4.1, sse4.2, popcnt, avx, aes, clmul, ht, tsc, tscinvbit

Memory: 4k page, physical 8321388k(1112896k free), swap 11467116k(5136k free)

vm_info: Java HotSpot(TM) 64-Bit Server VM (25.25-b02) for windows-amd64 JRE (1.8.0_25-b18), built on Oct  7 2014 14:25:37 by "java_re" with MS VC++ 10.0 (VS2010)

time: Fri Jun 17 22:29:49 2016
elapsed time: 3 seconds (0d 0h 0m 3s)

