#
# There is insufficient memory for the Java Runtime Environment to continue.
# Native memory allocation (malloc) failed to allocate 32744 bytes for ChunkPool::allocate
# Possible reasons:
#   The system is out of physical RAM or swap space
#   In 32 bit mode, the process size limit was hit
# Possible solutions:
#   Reduce memory load on the system
#   Increase physical memory or swap space
#   Check if swap backing store is full
#   Use 64 bit Java on a 64 bit OS
#   Decrease Java heap size (-Xmx/-Xms)
#   Decrease number of Java threads
#   Decrease Java thread stack sizes (-Xss)
#   Set larger code cache with -XX:ReservedCodeCacheSize=
# This output file may be truncated or incomplete.
#
#  Out of Memory Error (allocation.cpp:273), pid=3908, tid=5576
#
# JRE version: Java(TM) SE Runtime Environment (8.0_25-b18) (build 1.8.0_25-b18)
# Java VM: Java HotSpot(TM) 64-Bit Server VM (25.25-b02 mixed mode windows-amd64 compressed oops)
# Failed to write core dump. Minidumps are not enabled by default on client versions of Windows
#

---------------  T H R E A D  ---------------

Current thread (0x0000000016d4c800):  JavaThread "C1 CompilerThread3" daemon [_thread_in_native, id=5576, stack(0x00000000175d0000,0x00000000176d0000)]

Stack: [0x00000000175d0000,0x00000000176d0000]
Native frames: (J=compiled Java code, j=interpreted, Vv=VM code, C=native code)
V  [jvm.dll+0x31667a]


Current CompileTask:
C1:   3364 1414       3      
[error occurred during error reporting (printing current compile task), id 0xe0000001]


---------------  P R O C E S S  ---------------

Java Threads: ( => current thread )
  0x000000001703a000 JavaThread "pool-1-thread-4" [_thread_in_Java, id=4960, stack(0x00000000184d0000,0x00000000185d0000)]
  0x0000000017038800 JavaThread "pool-1-thread-3" [_thread_in_Java, id=6484, stack(0x00000000183d0000,0x00000000184d0000)]
  0x0000000017035000 JavaThread "pool-1-thread-2" [_thread_in_Java, id=4872, stack(0x00000000182d0000,0x00000000183d0000)]
  0x000000001701c000 JavaThread "pool-2-thread-1" [_thread_blocked, id=5064, stack(0x00000000181d0000,0x00000000182d0000)]
  0x000000001701b800 JavaThread "pool-1-thread-1" [_thread_in_Java, id=11988, stack(0x00000000180d0000,0x00000000181d0000)]
  0x0000000016d58800 JavaThread "Service Thread" daemon [_thread_blocked, id=11996, stack(0x00000000176d0000,0x00000000177d0000)]
=>0x0000000016d4c800 JavaThread "C1 CompilerThread3" daemon [_thread_in_native, id=5576, stack(0x00000000175d0000,0x00000000176d0000)]
  0x0000000016d4a000 JavaThread "C2 CompilerThread2" daemon [_thread_in_native, id=8412, stack(0x00000000174d0000,0x00000000175d0000)]
  0x0000000016d46000 JavaThread "C2 CompilerThread1" daemon [_thread_in_native, id=9876, stack(0x00000000173d0000,0x00000000174d0000)]
  0x0000000016cf5800 JavaThread "C2 CompilerThread0" daemon [_thread_in_native, id=4452, stack(0x00000000172d0000,0x00000000173d0000)]
  0x0000000016cf4800 JavaThread "Attach Listener" daemon [_thread_blocked, id=6892, stack(0x00000000171d0000,0x00000000172d0000)]
  0x0000000016cf3800 JavaThread "Signal Dispatcher" daemon [_thread_blocked, id=4352, stack(0x00000000170d0000,0x00000000171d0000)]
  0x00000000021a7800 JavaThread "Finalizer" daemon [_thread_blocked, id=6812, stack(0x0000000016bc0000,0x0000000016cc0000)]
  0x0000000014cec800 JavaThread "Reference Handler" daemon [_thread_blocked, id=11240, stack(0x0000000016ac0000,0x0000000016bc0000)]
  0x00000000020b0800 JavaThread "main" [_thread_in_Java, id=4012, stack(0x0000000000880000,0x0000000000980000)]

Other Threads:
  0x0000000014ce8800 VMThread [stack: 0x00000000169c0000,0x0000000016ac0000] [id=8012]
  0x0000000016d59800 WatcherThread [stack: 0x00000000177d0000,0x00000000178d0000] [id=6460]

VM state:not at safepoint (normal execution)

VM Mutex/Monitor currently owned by a thread: None

Heap:
 PSYoungGen      total 38400K, used 19802K [0x00000000eab00000, 0x00000000ef600000, 0x0000000100000000)
  eden space 33280K, 44% used [0x00000000eab00000,0x00000000eb95d248,0x00000000ecb80000)
  from space 5120K, 99% used [0x00000000ecb80000,0x00000000ed079640,0x00000000ed080000)
  to   space 5120K, 0% used [0x00000000ef100000,0x00000000ef100000,0x00000000ef600000)
 ParOldGen       total 87552K, used 1102K [0x00000000c0000000, 0x00000000c5580000, 0x00000000eab00000)
  object space 87552K, 1% used [0x00000000c0000000,0x00000000c0113868,0x00000000c5580000)
 Metaspace       used 6020K, capacity 6960K, committed 7040K, reserved 1056768K
  class space    used 588K, capacity 616K, committed 640K, reserved 1048576K

Card table byte_map: [0x0000000011570000,0x0000000011780000] byte_map_base: 0x0000000010f70000

Marking Bits: (ParMarkBitMap*) 0x000000006239d490
 Begin Bits: [0x00000000120e0000, 0x00000000130e0000)
 End Bits:   [0x00000000130e0000, 0x00000000140e0000)

Polling page: 0x0000000000700000

CodeCache: size=245760Kb used=5438Kb max_used=5438Kb free=240321Kb
 bounds [0x00000000021b0000, 0x0000000002710000, 0x00000000111b0000]
 total_blobs=1663 nmethods=1399 adapters=178
 compilation: enabled

Compilation events (10 events):
Event: 3.351 Thread 0x0000000016d4c800 nmethod 1395 0x00000000026ff190 code [0x00000000026ff4a0, 0x00000000027010e8]
Event: 3.351 Thread 0x0000000016d4c800 1399       3       com.android.dx.cf.attrib.AttLocalVariableTable::<init> (8 bytes)
Event: 3.351 Thread 0x0000000016d4c800 nmethod 1399 0x0000000002702390 code [0x0000000002702500, 0x00000000027026a8]
Event: 3.351 Thread 0x0000000016d4c800 1391       3       com.android.dx.rop.annotation.Annotations::<init> (16 bytes)
Event: 3.352 Thread 0x0000000016d4c800 nmethod 1391 0x0000000002702750 code [0x00000000027028e0, 0x0000000002702c90]
Event: 3.355 Thread 0x0000000016d4c800 1412       3       com.android.dx.ssa.back.FirstFitLocalCombiningAllocator::handleLocalAssociatedParams (132 bytes)
Event: 3.356 Thread 0x0000000016d4c800 nmethod 1412 0x0000000002702e50 code [0x00000000027030e0, 0x0000000002704028]
Event: 3.360 Thread 0x0000000016d4c800 1413       3       java.util.TreeMap::rotateRight (96 bytes)
Event: 3.360 Thread 0x0000000016d4c800 nmethod 1413 0x00000000027048d0 code [0x0000000002704a40, 0x0000000002704d90]
Event: 3.361 Thread 0x0000000016d4c800 1414       3       com.android.dx.cf.code.ConcreteMethod::<init> (21 bytes)

GC Heap History (2 events):
Event: 2.793 GC heap before
{Heap before GC invocations=1 (full 0):
 PSYoungGen      total 38400K, used 33280K [0x00000000eab00000, 0x00000000ed580000, 0x0000000100000000)
  eden space 33280K, 100% used [0x00000000eab00000,0x00000000ecb80000,0x00000000ecb80000)
  from space 5120K, 0% used [0x00000000ed080000,0x00000000ed080000,0x00000000ed580000)
  to   space 5120K, 0% used [0x00000000ecb80000,0x00000000ecb80000,0x00000000ed080000)
 ParOldGen       total 87552K, used 0K [0x00000000c0000000, 0x00000000c5580000, 0x00000000eab00000)
  object space 87552K, 0% used [0x00000000c0000000,0x00000000c0000000,0x00000000c5580000)
 Metaspace       used 5950K, capacity 6960K, committed 7040K, reserved 1056768K
  class space    used 587K, capacity 616K, committed 640K, reserved 1048576K
Event: 3.162 GC heap after
Heap after GC invocations=1 (full 0):
 PSYoungGen      total 38400K, used 5093K [0x00000000eab00000, 0x00000000ef600000, 0x0000000100000000)
  eden space 33280K, 0% used [0x00000000eab00000,0x00000000eab00000,0x00000000ecb80000)
  from space 5120K, 99% used [0x00000000ecb80000,0x00000000ed079640,0x00000000ed080000)
  to   space 5120K, 0% used [0x00000000ef100000,0x00000000ef100000,0x00000000ef600000)
 ParOldGen       total 87552K, used 1102K [0x00000000c0000000, 0x00000000c5580000, 0x00000000eab00000)
  object space 87552K, 1% used [0x00000000c0000000,0x00000000c0113868,0x00000000c5580000)
 Metaspace       used 5950K, capacity 6960K, committed 7040K, reserved 1056768K
  class space    used 587K, capacity 616K, committed 640K, reserved 1048576K
}

Deoptimization events (2 events):
Event: 1.856 Thread 0x000000001701b800 Uncommon trap: reason=null_check action=make_not_entrant pc=0x00000000024cca80 method=com.android.dx.ssa.SsaRenamer.getLocalForNewReg(I)Lcom/android/dx/rop/code/LocalItem; @ 19
Event: 2.770 Thread 0x0000000017035000 Uncommon trap: reason=null_check action=make_not_entrant pc=0x000000000260b1e0 method=com.android.dx.rop.type.Type.equals(Ljava/lang/Object;)Z @ 8

Internal exceptions (10 events):
Event: 1.586 Thread 0x0000000017038800 Exception <a 'java/security/PrivilegedActionException'> (0x00000000eb883698) thrown at [D:\re\workspace\8-2-build-windows-amd64-cygwin\jdk8u25\1677\hotspot\src\share\vm\prims\jvm.cpp, line 1312]
Event: 1.587 Thread 0x0000000017038800 Exception <a 'java/security/PrivilegedActionException'> (0x00000000eb889b10) thrown at [D:\re\workspace\8-2-build-windows-amd64-cygwin\jdk8u25\1677\hotspot\src\share\vm\prims\jvm.cpp, line 1312]
Event: 1.609 Thread 0x000000001701b800 Exception <a 'java/security/PrivilegedActionException'> (0x00000000eb70c768) thrown at [D:\re\workspace\8-2-build-windows-amd64-cygwin\jdk8u25\1677\hotspot\src\share\vm\prims\jvm.cpp, line 1312]
Event: 1.856 Thread 0x000000001701b800 Implicit null exception at 0x00000000024caaba to 0x00000000024cca59
Event: 1.980 Thread 0x00000000020b0800 Exception <a 'java/security/PrivilegedActionException'> (0x00000000ec11c3f0) thrown at [D:\re\workspace\8-2-build-windows-amd64-cygwin\jdk8u25\1677\hotspot\src\share\vm\prims\jvm.cpp, line 1312]
Event: 1.980 Thread 0x00000000020b0800 Exception <a 'java/security/PrivilegedActionException'> (0x00000000ec11e9c8) thrown at [D:\re\workspace\8-2-build-windows-amd64-cygwin\jdk8u25\1677\hotspot\src\share\vm\prims\jvm.cpp, line 1312]
Event: 1.981 Thread 0x00000000020b0800 Exception <a 'java/security/PrivilegedActionException'> (0x00000000ec128de0) thrown at [D:\re\workspace\8-2-build-windows-amd64-cygwin\jdk8u25\1677\hotspot\src\share\vm\prims\jvm.cpp, line 1312]
Event: 1.982 Thread 0x00000000020b0800 Exception <a 'java/security/PrivilegedActionException'> (0x00000000ec12b608) thrown at [D:\re\workspace\8-2-build-windows-amd64-cygwin\jdk8u25\1677\hotspot\src\share\vm\prims\jvm.cpp, line 1312]
Event: 2.770 Thread 0x0000000017035000 Implicit null exception at 0x000000000260b0e2 to 0x000000000260b1d2
Event: 2.788 Thread 0x00000000020b0800 Exception <a 'java/security/PrivilegedActionException'> (0x00000000ec90f540) thrown at [D:\re\workspace\8-2-build-windows-amd64-cygwin\jdk8u25\1677\hotspot\src\share\vm\prims\jvm.cpp, line 1312]

Events (10 events):
Event: 2.761 Executing VM operation: ForceSafepoint done
Event: 2.770 Thread 0x0000000017035000 Uncommon trap: trap_request=0xfffffff4 fr.pc=0x000000000260b1e0
Event: 2.770 Thread 0x0000000017035000 DEOPT PACKING pc=0x000000000260b1e0 sp=0x00000000183ce410
Event: 2.770 Thread 0x0000000017035000 DEOPT UNPACKING pc=0x00000000021f556a sp=0x00000000183ce398 mode 2
Event: 2.788 loading class com/android/dx/cf/attrib/AttAnnotationDefault
Event: 2.788 loading class com/android/dx/cf/attrib/AttAnnotationDefault done
Event: 2.791 Executing VM operation: ParallelGCFailedAllocation
Event: 3.162 Executing VM operation: ParallelGCFailedAllocation done
Event: 3.162 loading class sun/misc/Cleaner
Event: 3.162 loading class sun/misc/Cleaner done


Dynamic libraries:
0x00007ff7ba3e0000 - 0x00007ff7ba414000 	C:\Program Files\Java\jdk1.8.0_25\bin\java.exe
0x00007ffcc9af0000 - 0x00007ffcc9c9d000 	C:\WINDOWS\SYSTEM32\ntdll.dll
0x00007ffcc7930000 - 0x00007ffcc7a6e000 	C:\WINDOWS\system32\KERNEL32.DLL
0x00007ffcc6d10000 - 0x00007ffcc6e25000 	C:\WINDOWS\system32\KERNELBASE.dll
0x00007ffcc57c0000 - 0x00007ffcc584e000 	C:\WINDOWS\system32\apphelp.dll
0x00007ffcb98e0000 - 0x00007ffcb9933000 	C:\WINDOWS\AppPatch\AppPatch64\AcGenral.DLL
0x00007ffcc8110000 - 0x00007ffcc81ba000 	C:\WINDOWS\system32\msvcrt.dll
0x00007ffcc6a70000 - 0x00007ffcc6a9e000 	C:\WINDOWS\SYSTEM32\SspiCli.dll
0x00007ffcc7d10000 - 0x00007ffcc7d64000 	C:\WINDOWS\system32\SHLWAPI.dll
0x00007ffcc7b90000 - 0x00007ffcc7d07000 	C:\WINDOWS\system32\USER32.dll
0x00007ffcc7d70000 - 0x00007ffcc7f04000 	C:\WINDOWS\system32\ole32.dll
0x00007ffcc84b0000 - 0x00007ffcc99da000 	C:\WINDOWS\system32\SHELL32.dll
0x00007ffcc61e0000 - 0x00007ffcc6201000 	C:\WINDOWS\SYSTEM32\USERENV.dll
0x00007ffcc7a70000 - 0x00007ffcc7b1a000 	C:\WINDOWS\system32\ADVAPI32.dll
0x00007ffcbda30000 - 0x00007ffcbda4e000 	C:\WINDOWS\SYSTEM32\MPR.dll
0x00007ffcc7780000 - 0x00007ffcc78c1000 	C:\WINDOWS\system32\RPCRT4.dll
0x00007ffcc7560000 - 0x00007ffcc75b9000 	C:\WINDOWS\SYSTEM32\sechost.dll
0x00007ffcc7170000 - 0x00007ffcc7381000 	C:\WINDOWS\SYSTEM32\combase.dll
0x00007ffcc8360000 - 0x00007ffcc84b0000 	C:\WINDOWS\system32\GDI32.dll
0x00007ffcc6c40000 - 0x00007ffcc6c55000 	C:\WINDOWS\SYSTEM32\profapi.dll
0x00007ffcc5270000 - 0x00007ffcc5322000 	C:\WINDOWS\SYSTEM32\SHCORE.dll
0x00007ffcc9ab0000 - 0x00007ffcc9ae6000 	C:\WINDOWS\system32\IMM32.DLL
0x00007ffcc7620000 - 0x00007ffcc7772000 	C:\WINDOWS\system32\MSCTF.dll
0x00007ffcc3eb0000 - 0x00007ffcc412b000 	C:\WINDOWS\WinSxS\amd64_microsoft.windows.common-controls_6595b64144ccf1df_6.0.9600.18006_none_623f33d3ecbe86e8\COMCTL32.dll
0x0000000061740000 - 0x0000000061812000 	C:\Program Files\Java\jdk1.8.0_25\jre\bin\msvcr100.dll
0x0000000061bc0000 - 0x000000006241a000 	C:\Program Files\Java\jdk1.8.0_25\jre\bin\server\jvm.dll
0x00007ffcbea30000 - 0x00007ffcbea39000 	C:\WINDOWS\SYSTEM32\WSOCK32.dll
0x00007ffcba940000 - 0x00007ffcba962000 	C:\WINDOWS\SYSTEM32\WINMM.dll
0x00007ffcc8290000 - 0x00007ffcc8297000 	C:\WINDOWS\system32\PSAPI.DLL
0x00007ffcc75c0000 - 0x00007ffcc761a000 	C:\WINDOWS\system32\WS2_32.dll
0x00007ffcba910000 - 0x00007ffcba93a000 	C:\WINDOWS\SYSTEM32\WINMMBASE.dll
0x00007ffcc7f20000 - 0x00007ffcc7f29000 	C:\WINDOWS\system32\NSI.dll
0x00007ffcc7120000 - 0x00007ffcc716f000 	C:\WINDOWS\SYSTEM32\cfgmgr32.dll
0x00007ffcc5a60000 - 0x00007ffcc5a88000 	C:\WINDOWS\SYSTEM32\DEVOBJ.dll
0x0000000061bb0000 - 0x0000000061bbf000 	C:\Program Files\Java\jdk1.8.0_25\jre\bin\verify.dll
0x0000000061b80000 - 0x0000000061ba8000 	C:\Program Files\Java\jdk1.8.0_25\jre\bin\java.dll
0x0000000061b60000 - 0x0000000061b76000 	C:\Program Files\Java\jdk1.8.0_25\jre\bin\zip.dll

VM Arguments:
jvm_args: -Xmx1024M -Dfile.encoding=windows-1252 -Duser.country=US -Duser.language=en -Duser.variant 
java_command: com.android.dx.command.Main --dex --num-threads=4 --output D:\sources\RetrofitCookie\app\build\intermediates\pre-dexed\debug\gson-2.6.1-303901cb9909910cca5f5e8af98fafe0b4d89f02.jar C:\Users\Ali Haider\.gradle\caches\modules-2\files-2.1\com.google.code.gson\gson\2.6.1\b9d63507329a7178e026fc334f87587ee5070ac5\gson-2.6.1.jar
java_class_path (initial): C:\Users\Ali Haider\AppData\Local\Android\sdk\build-tools\24.0.0-preview\lib\dx.jar
Launcher Type: SUN_STANDARD

Environment Variables:
JAVA_HOME=C:\Program Files\Java\jdk1.8.0_25
PATH=C:\Program Files (x86)\Common Files\NetSarang;C:\WINDOWS\system32;C:\WINDOWS;C:\WINDOWS\System32\Wbem;C:\WINDOWS\System32\WindowsPowerShell\v1.0\;C:\Program Files\TortoiseSVN\bin;C:\Program Files (x86)\Git\cmd;C:\Program Files (x86)\Git\bin;C:\Program Files (x86)\Skype\Phone\;C:\Program Files (x86)\ATI Technologies\ATI.ACE\Core-Static;C:\wamp\bin\mysql\mysql5.6.12\bin;C:\Python26;C:\Python26\Scripts;C:\Python26\Lib\site-packages\django\bin;C:\Program Files\Java\jdk1.8.0_25\bin;C:\Users\Ali Haider\AppData\Local\Android\sdk\tools;C:\Users\Ali Haider\AppData\Local\Android\sdk\platform-tools
USERNAME=Hina Khan
OS=Windows_NT
PROCESSOR_IDENTIFIER=Intel64 Family 6 Model 42 Stepping 7, GenuineIntel



---------------  S Y S T E M  ---------------

OS: Windows 8.1 , 64 bit Build 9600 

CPU:total 8 (4 cores per cpu, 2 threads per core) family 6 model 42 stepping 7, cmov, cx8, fxsr, mmx, sse, sse2, sse3, ssse3, sse4.1, sse4.2, popcnt, avx, aes, clmul, ht, tsc, tscinvbit

Memory: 4k page, physical 8321388k(1116448k free), swap 11467116k(5120k free)

vm_info: Java HotSpot(TM) 64-Bit Server VM (25.25-b02) for windows-amd64 JRE (1.8.0_25-b18), built on Oct  7 2014 14:25:37 by "java_re" with MS VC++ 10.0 (VS2010)

time: Fri Jun 17 22:29:49 2016
elapsed time: 3 seconds (0d 0h 0m 3s)

